#-----------------------------------------------------------
# Vivado v2021.1 (64-bit)
# SW Build 3247384 on Thu Jun 10 19:36:33 MDT 2021
# IP Build 3246043 on Fri Jun 11 00:30:35 MDT 2021
# Start of session at: Sun Apr 14 20:06:43 2024
# Process ID: 13412
# Current directory: C:/Users/sb734/Documents/350Project
# Command line: vivado.exe -gui_launcher_event rodinguilauncherevent8180 C:\Users\sb734\Documents\350Project\processor.xpr
# Log file: C:/Users/sb734/Documents/350Project/vivado.log
# Journal file: C:/Users/sb734/Documents/350Project\vivado.jou
#-----------------------------------------------------------
start_gui
open_project C:/Users/sb734/Documents/350Project/processor.xpr
INFO: [Project 1-313] Project file moved from 'C:/Users/sek49/Documents/350Project' since last save.
WARNING: [filemgmt 56-2] Default IP Output Path : Could not find the directory 'C:/Users/sb734/Documents/350Project/processor.gen/sources_1', nor could it be found using path 'C:/Users/sek49/Documents/350Project/processor.gen/sources_1'.
Scanning sources...
Finished scanning sources
INFO: [IP_Flow 19-234] Refreshing IP repositories
INFO: [IP_Flow 19-1704] No user IP repositories specified
INFO: [IP_Flow 19-2313] Loaded Vivado IP repository 'C:/Xilinx/Vivado/2021.1/data/ip'.
open_project: Time (s): cpu = 00:00:12 ; elapsed = 00:00:05 . Memory (MB): peak = 1329.047 ; gain = 0.000
update_compile_order -fileset sources_1
update_compile_order -fileset sources_1
update_compile_order -fileset sources_1
update_compile_order -fileset sources_1
reset_run synth_1
WARNING: [Vivado 12-1017] Problems encountered:
1. Failed to delete one or more files in run directory C:/Users/sb734/Documents/350Project/processor.runs/synth_1

launch_runs synth_1 -jobs 6
[Sun Apr 14 20:32:02 2024] Launched synth_1...
Run output will be captured here: C:/Users/sb734/Documents/350Project/processor.runs/synth_1/runme.log
update_compile_order -fileset sources_1
reset_run synth_1
WARNING: [Vivado 12-1017] Problems encountered:
1. Failed to delete one or more files in run directory C:/Users/sb734/Documents/350Project/processor.runs/synth_1

launch_runs synth_1 -jobs 6
[Sun Apr 14 20:32:38 2024] Launched synth_1...
Run output will be captured here: C:/Users/sb734/Documents/350Project/processor.runs/synth_1/runme.log
reset_run synth_1
WARNING: [Vivado 12-1017] Problems encountered:
1. Failed to delete one or more files in run directory C:/Users/sb734/Documents/350Project/processor.runs/synth_1

launch_runs synth_1 -jobs 6
[Sun Apr 14 20:33:17 2024] Launched synth_1...
Run output will be captured here: C:/Users/sb734/Documents/350Project/processor.runs/synth_1/runme.log
launch_runs impl_1 -jobs 6
[Sun Apr 14 20:34:27 2024] Launched impl_1...
Run output will be captured here: C:/Users/sb734/Documents/350Project/processor.runs/impl_1/runme.log
update_compile_order -fileset sources_1
update_compile_order -fileset sources_1
update_compile_order -fileset sources_1
reset_run synth_1
WARNING: [Vivado 12-1017] Problems encountered:
1. Failed to delete one or more files in run directory C:/Users/sb734/Documents/350Project/processor.runs/synth_1

launch_runs synth_1 -jobs 6
[Sun Apr 14 20:46:00 2024] Launched synth_1...
Run output will be captured here: C:/Users/sb734/Documents/350Project/processor.runs/synth_1/runme.log
reset_run synth_1
WARNING: [Vivado 12-1017] Problems encountered:
1. Failed to delete one or more files in run directory C:/Users/sb734/Documents/350Project/processor.runs/synth_1

launch_runs synth_1 -jobs 6
[Sun Apr 14 20:47:31 2024] Launched synth_1...
Run output will be captured here: C:/Users/sb734/Documents/350Project/processor.runs/synth_1/runme.log
reset_run synth_1
WARNING: [Vivado 12-1017] Problems encountered:
1. Failed to delete one or more files in run directory C:/Users/sb734/Documents/350Project/processor.runs/synth_1

launch_runs synth_1 -jobs 6
[Sun Apr 14 20:48:39 2024] Launched synth_1...
Run output will be captured here: C:/Users/sb734/Documents/350Project/processor.runs/synth_1/runme.log
reset_run synth_1
WARNING: [Vivado 12-1017] Problems encountered:
1. Failed to delete one or more files in run directory C:/Users/sb734/Documents/350Project/processor.runs/synth_1

launch_runs synth_1 -jobs 6
[Sun Apr 14 20:49:07 2024] Launched synth_1...
Run output will be captured here: C:/Users/sb734/Documents/350Project/processor.runs/synth_1/runme.log
reset_run synth_1
WARNING: [Vivado 12-1017] Problems encountered:
1. Failed to delete one or more files in run directory C:/Users/sb734/Documents/350Project/processor.runs/synth_1

launch_runs synth_1 -jobs 6
[Sun Apr 14 20:51:26 2024] Launched synth_1...
Run output will be captured here: C:/Users/sb734/Documents/350Project/processor.runs/synth_1/runme.log
reset_run synth_1
WARNING: [Vivado 12-1017] Problems encountered:
1. Failed to delete one or more files in run directory C:/Users/sb734/Documents/350Project/processor.runs/synth_1

launch_runs synth_1 -jobs 6
[Sun Apr 14 20:53:19 2024] Launched synth_1...
Run output will be captured here: C:/Users/sb734/Documents/350Project/processor.runs/synth_1/runme.log
reset_run synth_1
WARNING: [Vivado 12-1017] Problems encountered:
1. Failed to delete one or more files in run directory C:/Users/sb734/Documents/350Project/processor.runs/synth_1

launch_runs synth_1 -jobs 6
[Sun Apr 14 20:56:06 2024] Launched synth_1...
Run output will be captured here: C:/Users/sb734/Documents/350Project/processor.runs/synth_1/runme.log
reset_run synth_1
WARNING: [Vivado 12-1017] Problems encountered:
1. Failed to delete one or more files in run directory C:/Users/sb734/Documents/350Project/processor.runs/synth_1

launch_runs synth_1 -jobs 6
[Sun Apr 14 20:56:43 2024] Launched synth_1...
Run output will be captured here: C:/Users/sb734/Documents/350Project/processor.runs/synth_1/runme.log
reset_run synth_1
WARNING: [Vivado 12-1017] Problems encountered:
1. Failed to delete one or more files in run directory C:/Users/sb734/Documents/350Project/processor.runs/synth_1

launch_runs synth_1 -jobs 6
[Sun Apr 14 20:59:13 2024] Launched synth_1...
Run output will be captured here: C:/Users/sb734/Documents/350Project/processor.runs/synth_1/runme.log
reset_run synth_1
WARNING: [Vivado 12-1017] Problems encountered:
1. Failed to delete one or more files in run directory C:/Users/sb734/Documents/350Project/processor.runs/synth_1

launch_runs synth_1 -jobs 6
[Sun Apr 14 21:01:21 2024] Launched synth_1...
Run output will be captured here: C:/Users/sb734/Documents/350Project/processor.runs/synth_1/runme.log
reset_run synth_1
WARNING: [Vivado 12-1017] Problems encountered:
1. Failed to delete one or more files in run directory C:/Users/sb734/Documents/350Project/processor.runs/synth_1

launch_runs synth_1 -jobs 6
[Sun Apr 14 21:02:34 2024] Launched synth_1...
Run output will be captured here: C:/Users/sb734/Documents/350Project/processor.runs/synth_1/runme.log
update_compile_order -fileset sources_1
reset_run synth_1
WARNING: [Vivado 12-1017] Problems encountered:
1. Failed to delete one or more files in run directory C:/Users/sb734/Documents/350Project/processor.runs/synth_1

update_compile_order -fileset sources_1
launch_runs synth_1 -jobs 6
[Sun Apr 14 21:04:21 2024] Launched synth_1...
Run output will be captured here: C:/Users/sb734/Documents/350Project/processor.runs/synth_1/runme.log
reset_run synth_1
WARNING: [Vivado 12-1017] Problems encountered:
1. Failed to delete one or more files in run directory C:/Users/sb734/Documents/350Project/processor.runs/synth_1

launch_runs synth_1 -jobs 6
[Sun Apr 14 21:05:16 2024] Launched synth_1...
Run output will be captured here: C:/Users/sb734/Documents/350Project/processor.runs/synth_1/runme.log
reset_run synth_1
WARNING: [Vivado 12-1017] Problems encountered:
1. Failed to delete one or more files in run directory C:/Users/sb734/Documents/350Project/processor.runs/synth_1

launch_runs synth_1 -jobs 6
[Sun Apr 14 21:06:57 2024] Launched synth_1...
Run output will be captured here: C:/Users/sb734/Documents/350Project/processor.runs/synth_1/runme.log
reset_run synth_1
WARNING: [Vivado 12-1017] Problems encountered:
1. Failed to delete one or more files in run directory C:/Users/sb734/Documents/350Project/processor.runs/synth_1

launch_runs synth_1 -jobs 6
[Sun Apr 14 21:07:37 2024] Launched synth_1...
Run output will be captured here: C:/Users/sb734/Documents/350Project/processor.runs/synth_1/runme.log
reset_run synth_1
WARNING: [Vivado 12-1017] Problems encountered:
1. Failed to delete one or more files in run directory C:/Users/sb734/Documents/350Project/processor.runs/synth_1

launch_runs synth_1 -jobs 6
[Sun Apr 14 21:08:13 2024] Launched synth_1...
Run output will be captured here: C:/Users/sb734/Documents/350Project/processor.runs/synth_1/runme.log
reset_run synth_1
WARNING: [Vivado 12-1017] Problems encountered:
1. Failed to delete one or more files in run directory C:/Users/sb734/Documents/350Project/processor.runs/synth_1

launch_runs synth_1 -jobs 6
[Sun Apr 14 21:09:21 2024] Launched synth_1...
Run output will be captured here: C:/Users/sb734/Documents/350Project/processor.runs/synth_1/runme.log
launch_runs impl_1 -jobs 6
[Sun Apr 14 21:10:25 2024] Launched impl_1...
Run output will be captured here: C:/Users/sb734/Documents/350Project/processor.runs/impl_1/runme.log
launch_runs impl_1 -to_step write_bitstream -jobs 6
[Sun Apr 14 21:13:59 2024] Launched impl_1...
Run output will be captured here: C:/Users/sb734/Documents/350Project/processor.runs/impl_1/runme.log
open_run impl_1
INFO: [Device 21-403] Loading part xc7a100tcsg324-1
Netlist sorting complete. Time (s): cpu = 00:00:00 ; elapsed = 00:00:00.069 . Memory (MB): peak = 1601.164 ; gain = 0.000
INFO: [Netlist 29-17] Analyzing 3 Unisim elements for replacement
INFO: [Netlist 29-28] Unisim Transformation completed in 0 CPU seconds
INFO: [Project 1-479] Netlist was created with Vivado 2021.1
INFO: [Project 1-570] Preparing netlist for logic optimization
INFO: [Timing 38-478] Restoring timing data from binary archive.
INFO: [Timing 38-479] Binary timing data restore complete.
INFO: [Project 1-856] Restoring constraints from binary archive.
INFO: [Project 1-853] Binary constraint restore complete.
Reading XDEF placement.
Reading placer database...
Reading XDEF routing.
Read XDEF File: Time (s): cpu = 00:00:00 ; elapsed = 00:00:00.257 . Memory (MB): peak = 2327.316 ; gain = 0.000
Restored from archive | CPU: 0.000000 secs | Memory: 0.000000 MB |
Finished XDEF File Restore: Time (s): cpu = 00:00:00 ; elapsed = 00:00:00.257 . Memory (MB): peak = 2327.316 ; gain = 0.000
Netlist sorting complete. Time (s): cpu = 00:00:00 ; elapsed = 00:00:00.003 . Memory (MB): peak = 2327.316 ; gain = 0.000
INFO: [Project 1-111] Unisim Transformation Summary:
No Unisim elements were transformed.

open_run: Time (s): cpu = 00:00:17 ; elapsed = 00:00:13 . Memory (MB): peak = 2467.359 ; gain = 1138.312
CRITICAL WARNING: [Timing 38-282] The design failed to meet the timing requirements. Please see the timing summary report for details on the timing violations.
reset_run synth_1
WARNING: [Vivado 12-1017] Problems encountered:
1. Failed to delete one or more files in run directory C:/Users/sb734/Documents/350Project/processor.runs/synth_1

launch_runs synth_1 -jobs 6
[Sun Apr 14 21:17:17 2024] Launched synth_1...
Run output will be captured here: C:/Users/sb734/Documents/350Project/processor.runs/synth_1/runme.log
launch_runs impl_1 -jobs 6
[Sun Apr 14 21:18:20 2024] Launched impl_1...
Run output will be captured here: C:/Users/sb734/Documents/350Project/processor.runs/impl_1/runme.log
close_design
reset_run synth_1
WARNING: [Vivado 12-1017] Problems encountered:
1. Failed to delete one or more files in run directory C:/Users/sb734/Documents/350Project/processor.runs/synth_1

launch_runs synth_1 -jobs 6
[Sun Apr 14 21:20:35 2024] Launched synth_1...
Run output will be captured here: C:/Users/sb734/Documents/350Project/processor.runs/synth_1/runme.log
launch_runs impl_1 -jobs 6
[Sun Apr 14 21:21:35 2024] Launched impl_1...
Run output will be captured here: C:/Users/sb734/Documents/350Project/processor.runs/impl_1/runme.log
launch_runs impl_1 -to_step write_bitstream -jobs 6
[Sun Apr 14 21:22:55 2024] Launched impl_1...
Run output will be captured here: C:/Users/sb734/Documents/350Project/processor.runs/impl_1/runme.log
open_hw_manager
connect_hw_server -allow_non_jtag
INFO: [Labtools 27-2285] Connecting to hw_server url TCP:localhost:3121
INFO: [Labtools 27-2222] Launching hw_server...
INFO: [Labtools 27-2221] Launch Output:

****** Xilinx hw_server v2021.1
  **** Build date : Jun 10 2021 at 20:17:23
    ** Copyright 1986-2021 Xilinx, Inc. All Rights Reserved.


INFO: [Labtools 27-3415] Connecting to cs_server url TCP:localhost:3042
INFO: [Labtools 27-3417] Launching cs_server...
INFO: [Labtools 27-2221] Launch Output:


******** Xilinx cs_server v2021.1
  ****** Build date   : May 26 2021-13:32:33
    **** Build number : 2021.1.1622050353
      ** Copyright 2017-2024 Xilinx, Inc. All Rights Reserved.



connect_hw_server: Time (s): cpu = 00:00:01 ; elapsed = 00:00:07 . Memory (MB): peak = 2491.152 ; gain = 0.000
disconnect_hw_server localhost:3121
connect_hw_server -allow_non_jtag
INFO: [Labtools 27-2285] Connecting to hw_server url TCP:localhost:3121
INFO: [Labtools 27-3415] Connecting to cs_server url TCP:localhost:3042
INFO: [Labtools 27-3414] Connected to existing cs_server.
disconnect_hw_server localhost:3121
connect_hw_server -allow_non_jtag
INFO: [Labtools 27-2285] Connecting to hw_server url TCP:localhost:3121
INFO: [Labtools 27-3415] Connecting to cs_server url TCP:localhost:3042
INFO: [Labtools 27-3414] Connected to existing cs_server.
open_hw_target
INFO: [Labtoolstcl 44-466] Opening hw_target localhost:3121/xilinx_tcf/Digilent/210292B0677CA
set_property PROGRAM.FILE {C:/Users/sb734/Documents/350Project/processor.runs/impl_1/Wrapper.bit} [get_hw_devices xc7a100t_0]
current_hw_device [get_hw_devices xc7a100t_0]
refresh_hw_device -update_hw_probes false [lindex [get_hw_devices xc7a100t_0] 0]
INFO: [Labtools 27-1434] Device xc7a100t (JTAG device index = 0) is programmed with a design that has no supported debug core(s) in it.
set_property PROBES.FILE {} [get_hw_devices xc7a100t_0]
set_property FULL_PROBES.FILE {} [get_hw_devices xc7a100t_0]
set_property PROGRAM.FILE {C:/Users/sb734/Documents/350Project/processor.runs/impl_1/Wrapper.bit} [get_hw_devices xc7a100t_0]
program_hw_devices [get_hw_devices xc7a100t_0]
INFO: [Labtools 27-3164] End of startup status: HIGH
refresh_hw_device [lindex [get_hw_devices xc7a100t_0] 0]
INFO: [Labtools 27-1434] Device xc7a100t (JTAG device index = 0) is programmed with a design that has no supported debug core(s) in it.
ERROR: [Labtoolstcl 44-513] HW Target shutdown. Closing target: localhost:3121/xilinx_tcf/Digilent/210292B0677CA
exit
INFO: [Common 17-206] Exiting Vivado at Sun Apr 14 21:55:36 2024...
