Copyright 1986-2021 Xilinx, Inc. All Rights Reserved.
-----------------------------------------------------------------------------------------------------------------------------------------------------------
| Tool Version : Vivado v.2021.1 (win64) Build 3247384 Thu Jun 10 19:36:33 MDT 2021
| Date         : Mon Apr  8 20:49:54 2024
| Host         : P1-06 running 64-bit major release  (build 9200)
| Command      : report_methodology -file Wrapper_methodology_drc_routed.rpt -pb Wrapper_methodology_drc_routed.pb -rpx Wrapper_methodology_drc_routed.rpx
| Design       : Wrapper
| Device       : xc7a100tcsg324-1
| Speed File   : -1
| Design State : Fully Routed
-----------------------------------------------------------------------------------------------------------------------------------------------------------

Report Methodology

Table of Contents
-----------------
1. REPORT SUMMARY
2. REPORT DETAILS

1. REPORT SUMMARY
-----------------
            Netlist: netlist
          Floorplan: design_1
      Design limits: <entire design considered>
             Max violations: <unlimited>
             Violations found: 212
+-----------+----------+-------------------------------+------------+
| Rule      | Severity | Description                   | Violations |
+-----------+----------+-------------------------------+------------+
| LUTAR-1   | Warning  | LUT drives async reset alert  | 1          |
| TIMING-16 | Warning  | Large setup violation         | 193        |
| TIMING-18 | Warning  | Missing input or output delay | 17         |
| TIMING-23 | Warning  | Combinational loop found      | 1          |
+-----------+----------+-------------------------------+------------+

2. REPORT DETAILS
-----------------
LUTAR-1#1 Warning
LUT drives async reset alert  
LUT cell CPU/holdIns/third/q_i_2__96, with 2 or more inputs, drives asynchronous preset/clear pin(s) CPU/md1/C1/T1/flip1/q_reg/CLR, CPU/md1/C1/T2/flip1/q_reg/CLR,
CPU/md1/C1/T3/flip1/q_reg/CLR, CPU/md1/C1/T4/flip1/q_reg/CLR
CPU/md1/C1/T5/flip1/q_reg/CLR. The LUT may glitch and trigger an unexpected reset, even if it is a properly timed path.
Related violations: <none>

TIMING-16#1 Warning
Large setup violation  
There is a large setup violation of -1.015 ns between CPU/instruction2/twentyseven/q_reg/C (clocked by sys_clk_pin) and RegisterFile/gen_loop[3].register0/seventeenth/q_reg/CE (clocked by sys_clk_pin). Large setup violations at the end of those stages might be difficult to fix during the post-placement implementation flow and could be the result of non-optimal XDC constraints or non-optimal design architecture
Related violations: <none>

TIMING-16#2 Warning
Large setup violation  
There is a large setup violation of -1.154 ns between CPU/instruction2/twentyfour/q_reg/C (clocked by sys_clk_pin) and RegisterFile/gen_loop[30].register0/seventeenth/q_reg/CE (clocked by sys_clk_pin). Large setup violations at the end of those stages might be difficult to fix during the post-placement implementation flow and could be the result of non-optimal XDC constraints or non-optimal design architecture
Related violations: <none>

TIMING-16#3 Warning
Large setup violation  
There is a large setup violation of -1.154 ns between CPU/instruction2/twentyfour/q_reg/C (clocked by sys_clk_pin) and RegisterFile/gen_loop[30].register0/twenty/q_reg/CE (clocked by sys_clk_pin). Large setup violations at the end of those stages might be difficult to fix during the post-placement implementation flow and could be the result of non-optimal XDC constraints or non-optimal design architecture
Related violations: <none>

TIMING-16#4 Warning
Large setup violation  
There is a large setup violation of -1.199 ns between CPU/instruction2/twentyfour/q_reg/C (clocked by sys_clk_pin) and RegisterFile/gen_loop[30].register0/tenth/q_reg/CE (clocked by sys_clk_pin). Large setup violations at the end of those stages might be difficult to fix during the post-placement implementation flow and could be the result of non-optimal XDC constraints or non-optimal design architecture
Related violations: <none>

TIMING-16#5 Warning
Large setup violation  
There is a large setup violation of -1.199 ns between CPU/instruction2/twentyfour/q_reg/C (clocked by sys_clk_pin) and RegisterFile/gen_loop[30].register0/twentyeight/q_reg/CE (clocked by sys_clk_pin). Large setup violations at the end of those stages might be difficult to fix during the post-placement implementation flow and could be the result of non-optimal XDC constraints or non-optimal design architecture
Related violations: <none>

TIMING-16#6 Warning
Large setup violation  
There is a large setup violation of -1.274 ns between CPU/instruction2/twentyseven/q_reg/C (clocked by sys_clk_pin) and RegisterFile/gen_loop[3].register0/nineteenth/q_reg/CE (clocked by sys_clk_pin). Large setup violations at the end of those stages might be difficult to fix during the post-placement implementation flow and could be the result of non-optimal XDC constraints or non-optimal design architecture
Related violations: <none>

TIMING-16#7 Warning
Large setup violation  
There is a large setup violation of -1.274 ns between CPU/instruction2/twentyseven/q_reg/C (clocked by sys_clk_pin) and RegisterFile/gen_loop[3].register0/tenth/q_reg/CE (clocked by sys_clk_pin). Large setup violations at the end of those stages might be difficult to fix during the post-placement implementation flow and could be the result of non-optimal XDC constraints or non-optimal design architecture
Related violations: <none>

TIMING-16#8 Warning
Large setup violation  
There is a large setup violation of -1.274 ns between CPU/instruction2/twentyseven/q_reg/C (clocked by sys_clk_pin) and RegisterFile/gen_loop[3].register0/twentyeight/q_reg/CE (clocked by sys_clk_pin). Large setup violations at the end of those stages might be difficult to fix during the post-placement implementation flow and could be the result of non-optimal XDC constraints or non-optimal design architecture
Related violations: <none>

TIMING-16#9 Warning
Large setup violation  
There is a large setup violation of -1.328 ns between CPU/instruction2/twentyfour/q_reg/C (clocked by sys_clk_pin) and RegisterFile/gen_loop[30].register0/nineteenth/q_reg/CE (clocked by sys_clk_pin). Large setup violations at the end of those stages might be difficult to fix during the post-placement implementation flow and could be the result of non-optimal XDC constraints or non-optimal design architecture
Related violations: <none>

TIMING-16#10 Warning
Large setup violation  
There is a large setup violation of -1.328 ns between CPU/instruction2/twentyfour/q_reg/C (clocked by sys_clk_pin) and RegisterFile/gen_loop[30].register0/third/q_reg/CE (clocked by sys_clk_pin). Large setup violations at the end of those stages might be difficult to fix during the post-placement implementation flow and could be the result of non-optimal XDC constraints or non-optimal design architecture
Related violations: <none>

TIMING-16#11 Warning
Large setup violation  
There is a large setup violation of -1.328 ns between CPU/instruction2/twentyfour/q_reg/C (clocked by sys_clk_pin) and RegisterFile/gen_loop[30].register0/twentysix/q_reg/CE (clocked by sys_clk_pin). Large setup violations at the end of those stages might be difficult to fix during the post-placement implementation flow and could be the result of non-optimal XDC constraints or non-optimal design architecture
Related violations: <none>

TIMING-16#12 Warning
Large setup violation  
There is a large setup violation of -1.328 ns between CPU/instruction2/twentyfour/q_reg/C (clocked by sys_clk_pin) and RegisterFile/gen_loop[30].register0/twentythree/q_reg/CE (clocked by sys_clk_pin). Large setup violations at the end of those stages might be difficult to fix during the post-placement implementation flow and could be the result of non-optimal XDC constraints or non-optimal design architecture
Related violations: <none>

TIMING-16#13 Warning
Large setup violation  
There is a large setup violation of -1.426 ns between CPU/instruction2/twentyfour/q_reg/C (clocked by sys_clk_pin) and RegisterFile/gen_loop[30].register0/ninth/q_reg/CE (clocked by sys_clk_pin). Large setup violations at the end of those stages might be difficult to fix during the post-placement implementation flow and could be the result of non-optimal XDC constraints or non-optimal design architecture
Related violations: <none>

TIMING-16#14 Warning
Large setup violation  
There is a large setup violation of -1.453 ns between CPU/instruction2/twentyfour/q_reg/C (clocked by sys_clk_pin) and RegisterFile/gen_loop[30].register0/fourth/q_reg/CE (clocked by sys_clk_pin). Large setup violations at the end of those stages might be difficult to fix during the post-placement implementation flow and could be the result of non-optimal XDC constraints or non-optimal design architecture
Related violations: <none>

TIMING-16#15 Warning
Large setup violation  
There is a large setup violation of -1.453 ns between CPU/instruction2/twentyfour/q_reg/C (clocked by sys_clk_pin) and RegisterFile/gen_loop[30].register0/seventh/q_reg/CE (clocked by sys_clk_pin). Large setup violations at the end of those stages might be difficult to fix during the post-placement implementation flow and could be the result of non-optimal XDC constraints or non-optimal design architecture
Related violations: <none>

TIMING-16#16 Warning
Large setup violation  
There is a large setup violation of -1.458 ns between CPU/instruction2/twentyfour/q_reg/C (clocked by sys_clk_pin) and RegisterFile/gen_loop[30].register0/eleventh/q_reg/CE (clocked by sys_clk_pin). Large setup violations at the end of those stages might be difficult to fix during the post-placement implementation flow and could be the result of non-optimal XDC constraints or non-optimal design architecture
Related violations: <none>

TIMING-16#17 Warning
Large setup violation  
There is a large setup violation of -1.479 ns between CPU/instruction2/twentyseven/q_reg/C (clocked by sys_clk_pin) and RegisterFile/gen_loop[15].register0/thirty/q_reg/CE (clocked by sys_clk_pin). Large setup violations at the end of those stages might be difficult to fix during the post-placement implementation flow and could be the result of non-optimal XDC constraints or non-optimal design architecture
Related violations: <none>

TIMING-16#18 Warning
Large setup violation  
There is a large setup violation of -1.479 ns between CPU/instruction2/twentyseven/q_reg/C (clocked by sys_clk_pin) and RegisterFile/gen_loop[15].register0/zero/q_reg/CE (clocked by sys_clk_pin). Large setup violations at the end of those stages might be difficult to fix during the post-placement implementation flow and could be the result of non-optimal XDC constraints or non-optimal design architecture
Related violations: <none>

TIMING-16#19 Warning
Large setup violation  
There is a large setup violation of -10.027 ns between CPU/rs2reg/third/q_reg/C (clocked by sys_clk_pin) and CPU/md1/D1/reg3/fourteenth/q_reg/D (clocked by sys_clk_pin). Large setup violations at the end of those stages might be difficult to fix during the post-placement implementation flow and could be the result of non-optimal XDC constraints or non-optimal design architecture
Related violations: <none>

TIMING-16#20 Warning
Large setup violation  
There is a large setup violation of -10.053 ns between CPU/rs2reg/third/q_reg/C (clocked by sys_clk_pin) and CPU/md1/D1/reg3/twenty/q_reg/D (clocked by sys_clk_pin). Large setup violations at the end of those stages might be difficult to fix during the post-placement implementation flow and could be the result of non-optimal XDC constraints or non-optimal design architecture
Related violations: <none>

TIMING-16#21 Warning
Large setup violation  
There is a large setup violation of -10.058 ns between CPU/rs2reg/third/q_reg/C (clocked by sys_clk_pin) and CPU/md1/D1/reg3/nineteenth/q_reg/D (clocked by sys_clk_pin). Large setup violations at the end of those stages might be difficult to fix during the post-placement implementation flow and could be the result of non-optimal XDC constraints or non-optimal design architecture
Related violations: <none>

TIMING-16#22 Warning
Large setup violation  
There is a large setup violation of -10.064 ns between CPU/rs2reg/third/q_reg/C (clocked by sys_clk_pin) and CPU/md1/D1/reg3/seventh/q_reg/D (clocked by sys_clk_pin). Large setup violations at the end of those stages might be difficult to fix during the post-placement implementation flow and could be the result of non-optimal XDC constraints or non-optimal design architecture
Related violations: <none>

TIMING-16#23 Warning
Large setup violation  
There is a large setup violation of -10.195 ns between CPU/rs2reg/third/q_reg/C (clocked by sys_clk_pin) and CPU/md1/D1/reg3/fifteenth/q_reg/D (clocked by sys_clk_pin). Large setup violations at the end of those stages might be difficult to fix during the post-placement implementation flow and could be the result of non-optimal XDC constraints or non-optimal design architecture
Related violations: <none>

TIMING-16#24 Warning
Large setup violation  
There is a large setup violation of -10.281 ns between CPU/rs2reg/third/q_reg/C (clocked by sys_clk_pin) and CPU/md1/D1/reg3/thierteenth/q_reg/D (clocked by sys_clk_pin). Large setup violations at the end of those stages might be difficult to fix during the post-placement implementation flow and could be the result of non-optimal XDC constraints or non-optimal design architecture
Related violations: <none>

TIMING-16#25 Warning
Large setup violation  
There is a large setup violation of -10.320 ns between CPU/rs2reg/third/q_reg/C (clocked by sys_clk_pin) and CPU/resultreg/zero/q_reg/D (clocked by sys_clk_pin). Large setup violations at the end of those stages might be difficult to fix during the post-placement implementation flow and could be the result of non-optimal XDC constraints or non-optimal design architecture
Related violations: <none>

TIMING-16#26 Warning
Large setup violation  
There is a large setup violation of -10.433 ns between CPU/rs2reg/third/q_reg/C (clocked by sys_clk_pin) and CPU/md1/D1/reg3/twentyeight/q_reg/D (clocked by sys_clk_pin). Large setup violations at the end of those stages might be difficult to fix during the post-placement implementation flow and could be the result of non-optimal XDC constraints or non-optimal design architecture
Related violations: <none>

TIMING-16#27 Warning
Large setup violation  
There is a large setup violation of -10.440 ns between CPU/rs2reg/third/q_reg/C (clocked by sys_clk_pin) and CPU/resultreg/first/q_reg/D (clocked by sys_clk_pin). Large setup violations at the end of those stages might be difficult to fix during the post-placement implementation flow and could be the result of non-optimal XDC constraints or non-optimal design architecture
Related violations: <none>

TIMING-16#28 Warning
Large setup violation  
There is a large setup violation of -10.508 ns between CPU/rs2reg/third/q_reg/C (clocked by sys_clk_pin) and CPU/md1/D1/reg3/twentyone/q_reg/D (clocked by sys_clk_pin). Large setup violations at the end of those stages might be difficult to fix during the post-placement implementation flow and could be the result of non-optimal XDC constraints or non-optimal design architecture
Related violations: <none>

TIMING-16#29 Warning
Large setup violation  
There is a large setup violation of -10.556 ns between CPU/rs2reg/third/q_reg/C (clocked by sys_clk_pin) and CPU/md1/D1/reg3/twentynine/q_reg/D (clocked by sys_clk_pin). Large setup violations at the end of those stages might be difficult to fix during the post-placement implementation flow and could be the result of non-optimal XDC constraints or non-optimal design architecture
Related violations: <none>

TIMING-16#30 Warning
Large setup violation  
There is a large setup violation of -10.573 ns between CPU/rs2reg/third/q_reg/C (clocked by sys_clk_pin) and CPU/md1/D1/reg3/thirty/q_reg/D (clocked by sys_clk_pin). Large setup violations at the end of those stages might be difficult to fix during the post-placement implementation flow and could be the result of non-optimal XDC constraints or non-optimal design architecture
Related violations: <none>

TIMING-16#31 Warning
Large setup violation  
There is a large setup violation of -10.591 ns between CPU/rs2reg/third/q_reg/C (clocked by sys_clk_pin) and CPU/md1/D1/reg3/twentythree/q_reg/D (clocked by sys_clk_pin). Large setup violations at the end of those stages might be difficult to fix during the post-placement implementation flow and could be the result of non-optimal XDC constraints or non-optimal design architecture
Related violations: <none>

TIMING-16#32 Warning
Large setup violation  
There is a large setup violation of -10.597 ns between CPU/rs2reg/third/q_reg/C (clocked by sys_clk_pin) and CPU/md1/D1/reg3/twentytwo/q_reg/D (clocked by sys_clk_pin). Large setup violations at the end of those stages might be difficult to fix during the post-placement implementation flow and could be the result of non-optimal XDC constraints or non-optimal design architecture
Related violations: <none>

TIMING-16#33 Warning
Large setup violation  
There is a large setup violation of -12.019 ns between CPU/rs2reg/third/q_reg/C (clocked by sys_clk_pin) and CPU/resultreg/second/q_reg/D (clocked by sys_clk_pin). Large setup violations at the end of those stages might be difficult to fix during the post-placement implementation flow and could be the result of non-optimal XDC constraints or non-optimal design architecture
Related violations: <none>

TIMING-16#34 Warning
Large setup violation  
There is a large setup violation of -12.319 ns between CPU/rs2reg/third/q_reg/C (clocked by sys_clk_pin) and CPU/instruction1/twentysix/q_reg/D (clocked by sys_clk_pin). Large setup violations at the end of those stages might be difficult to fix during the post-placement implementation flow and could be the result of non-optimal XDC constraints or non-optimal design architecture
Related violations: <none>

TIMING-16#35 Warning
Large setup violation  
There is a large setup violation of -12.426 ns between CPU/rs2reg/third/q_reg/C (clocked by sys_clk_pin) and CPU/instruction1/twentyfour/q_reg/D (clocked by sys_clk_pin). Large setup violations at the end of those stages might be difficult to fix during the post-placement implementation flow and could be the result of non-optimal XDC constraints or non-optimal design architecture
Related violations: <none>

TIMING-16#36 Warning
Large setup violation  
There is a large setup violation of -12.447 ns between CPU/rs2reg/third/q_reg/C (clocked by sys_clk_pin) and CPU/resultreg/fourth/q_reg/D (clocked by sys_clk_pin). Large setup violations at the end of those stages might be difficult to fix during the post-placement implementation flow and could be the result of non-optimal XDC constraints or non-optimal design architecture
Related violations: <none>

TIMING-16#37 Warning
Large setup violation  
There is a large setup violation of -12.727 ns between CPU/rs2reg/third/q_reg/C (clocked by sys_clk_pin) and CPU/resultreg/twentyfour/q_reg/D (clocked by sys_clk_pin). Large setup violations at the end of those stages might be difficult to fix during the post-placement implementation flow and could be the result of non-optimal XDC constraints or non-optimal design architecture
Related violations: <none>

TIMING-16#38 Warning
Large setup violation  
There is a large setup violation of -12.834 ns between CPU/rs2reg/third/q_reg/C (clocked by sys_clk_pin) and CPU/resultreg/seventh/q_reg/D (clocked by sys_clk_pin). Large setup violations at the end of those stages might be difficult to fix during the post-placement implementation flow and could be the result of non-optimal XDC constraints or non-optimal design architecture
Related violations: <none>

TIMING-16#39 Warning
Large setup violation  
There is a large setup violation of -12.876 ns between CPU/rs2reg/third/q_reg/C (clocked by sys_clk_pin) and CPU/resultreg/sixth/q_reg/D (clocked by sys_clk_pin). Large setup violations at the end of those stages might be difficult to fix during the post-placement implementation flow and could be the result of non-optimal XDC constraints or non-optimal design architecture
Related violations: <none>

TIMING-16#40 Warning
Large setup violation  
There is a large setup violation of -12.915 ns between CPU/rs2reg/third/q_reg/C (clocked by sys_clk_pin) and CPU/resultreg/twentyfive/q_reg/D (clocked by sys_clk_pin). Large setup violations at the end of those stages might be difficult to fix during the post-placement implementation flow and could be the result of non-optimal XDC constraints or non-optimal design architecture
Related violations: <none>

TIMING-16#41 Warning
Large setup violation  
There is a large setup violation of -13.028 ns between CPU/rs2reg/third/q_reg/C (clocked by sys_clk_pin) and CPU/resultreg/twentysix/q_reg/D (clocked by sys_clk_pin). Large setup violations at the end of those stages might be difficult to fix during the post-placement implementation flow and could be the result of non-optimal XDC constraints or non-optimal design architecture
Related violations: <none>

TIMING-16#42 Warning
Large setup violation  
There is a large setup violation of -13.082 ns between CPU/rs2reg/third/q_reg/C (clocked by sys_clk_pin) and CPU/resultreg/thierteenth/q_reg/D (clocked by sys_clk_pin). Large setup violations at the end of those stages might be difficult to fix during the post-placement implementation flow and could be the result of non-optimal XDC constraints or non-optimal design architecture
Related violations: <none>

TIMING-16#43 Warning
Large setup violation  
There is a large setup violation of -13.191 ns between CPU/rs2reg/third/q_reg/C (clocked by sys_clk_pin) and CPU/resultreg/thirty/q_reg/D (clocked by sys_clk_pin). Large setup violations at the end of those stages might be difficult to fix during the post-placement implementation flow and could be the result of non-optimal XDC constraints or non-optimal design architecture
Related violations: <none>

TIMING-16#44 Warning
Large setup violation  
There is a large setup violation of -13.256 ns between CPU/rs2reg/third/q_reg/C (clocked by sys_clk_pin) and CPU/resultreg/tenth/q_reg/D (clocked by sys_clk_pin). Large setup violations at the end of those stages might be difficult to fix during the post-placement implementation flow and could be the result of non-optimal XDC constraints or non-optimal design architecture
Related violations: <none>

TIMING-16#45 Warning
Large setup violation  
There is a large setup violation of -13.272 ns between CPU/rs2reg/third/q_reg/C (clocked by sys_clk_pin) and CPU/resultreg/twentyeight/q_reg/D (clocked by sys_clk_pin). Large setup violations at the end of those stages might be difficult to fix during the post-placement implementation flow and could be the result of non-optimal XDC constraints or non-optimal design architecture
Related violations: <none>

TIMING-16#46 Warning
Large setup violation  
There is a large setup violation of -13.318 ns between CPU/rs2reg/third/q_reg/C (clocked by sys_clk_pin) and CPU/resultreg/third/q_reg/D (clocked by sys_clk_pin). Large setup violations at the end of those stages might be difficult to fix during the post-placement implementation flow and could be the result of non-optimal XDC constraints or non-optimal design architecture
Related violations: <none>

TIMING-16#47 Warning
Large setup violation  
There is a large setup violation of -13.327 ns between CPU/rs2reg/third/q_reg/C (clocked by sys_clk_pin) and CPU/resultreg/thirtyone/q_reg/D (clocked by sys_clk_pin). Large setup violations at the end of those stages might be difficult to fix during the post-placement implementation flow and could be the result of non-optimal XDC constraints or non-optimal design architecture
Related violations: <none>

TIMING-16#48 Warning
Large setup violation  
There is a large setup violation of -13.409 ns between CPU/rs2reg/third/q_reg/C (clocked by sys_clk_pin) and CPU/resultreg/fifth/q_reg/D (clocked by sys_clk_pin). Large setup violations at the end of those stages might be difficult to fix during the post-placement implementation flow and could be the result of non-optimal XDC constraints or non-optimal design architecture
Related violations: <none>

TIMING-16#49 Warning
Large setup violation  
There is a large setup violation of -13.501 ns between CPU/rs2reg/third/q_reg/C (clocked by sys_clk_pin) and CPU/resultreg/twenty/q_reg/D (clocked by sys_clk_pin). Large setup violations at the end of those stages might be difficult to fix during the post-placement implementation flow and could be the result of non-optimal XDC constraints or non-optimal design architecture
Related violations: <none>

TIMING-16#50 Warning
Large setup violation  
There is a large setup violation of -13.520 ns between CPU/rs2reg/third/q_reg/C (clocked by sys_clk_pin) and CPU/resultreg/eighteenth/q_reg/D (clocked by sys_clk_pin). Large setup violations at the end of those stages might be difficult to fix during the post-placement implementation flow and could be the result of non-optimal XDC constraints or non-optimal design architecture
Related violations: <none>

TIMING-16#51 Warning
Large setup violation  
There is a large setup violation of -13.522 ns between CPU/rs2reg/third/q_reg/C (clocked by sys_clk_pin) and CPU/resultreg/eighth/q_reg/D (clocked by sys_clk_pin). Large setup violations at the end of those stages might be difficult to fix during the post-placement implementation flow and could be the result of non-optimal XDC constraints or non-optimal design architecture
Related violations: <none>

TIMING-16#52 Warning
Large setup violation  
There is a large setup violation of -13.535 ns between CPU/rs2reg/third/q_reg/C (clocked by sys_clk_pin) and CPU/resultreg/ninth/q_reg/D (clocked by sys_clk_pin). Large setup violations at the end of those stages might be difficult to fix during the post-placement implementation flow and could be the result of non-optimal XDC constraints or non-optimal design architecture
Related violations: <none>

TIMING-16#53 Warning
Large setup violation  
There is a large setup violation of -13.549 ns between CPU/rs2reg/third/q_reg/C (clocked by sys_clk_pin) and CPU/resultreg/nineteenth/q_reg/D (clocked by sys_clk_pin). Large setup violations at the end of those stages might be difficult to fix during the post-placement implementation flow and could be the result of non-optimal XDC constraints or non-optimal design architecture
Related violations: <none>

TIMING-16#54 Warning
Large setup violation  
There is a large setup violation of -13.549 ns between CPU/rs2reg/third/q_reg/C (clocked by sys_clk_pin) and CPU/resultreg/twelfth/q_reg/D (clocked by sys_clk_pin). Large setup violations at the end of those stages might be difficult to fix during the post-placement implementation flow and could be the result of non-optimal XDC constraints or non-optimal design architecture
Related violations: <none>

TIMING-16#55 Warning
Large setup violation  
There is a large setup violation of -13.630 ns between CPU/rs2reg/third/q_reg/C (clocked by sys_clk_pin) and CPU/resultreg/twentythree/q_reg/D (clocked by sys_clk_pin). Large setup violations at the end of those stages might be difficult to fix during the post-placement implementation flow and could be the result of non-optimal XDC constraints or non-optimal design architecture
Related violations: <none>

TIMING-16#56 Warning
Large setup violation  
There is a large setup violation of -13.700 ns between CPU/rs2reg/third/q_reg/C (clocked by sys_clk_pin) and CPU/resultreg/fourteenth/q_reg/D (clocked by sys_clk_pin). Large setup violations at the end of those stages might be difficult to fix during the post-placement implementation flow and could be the result of non-optimal XDC constraints or non-optimal design architecture
Related violations: <none>

TIMING-16#57 Warning
Large setup violation  
There is a large setup violation of -13.734 ns between CPU/rs2reg/third/q_reg/C (clocked by sys_clk_pin) and CPU/resultreg/eleventh/q_reg/D (clocked by sys_clk_pin). Large setup violations at the end of those stages might be difficult to fix during the post-placement implementation flow and could be the result of non-optimal XDC constraints or non-optimal design architecture
Related violations: <none>

TIMING-16#58 Warning
Large setup violation  
There is a large setup violation of -13.836 ns between CPU/rs2reg/third/q_reg/C (clocked by sys_clk_pin) and CPU/resultreg/twentyseven/q_reg/D (clocked by sys_clk_pin). Large setup violations at the end of those stages might be difficult to fix during the post-placement implementation flow and could be the result of non-optimal XDC constraints or non-optimal design architecture
Related violations: <none>

TIMING-16#59 Warning
Large setup violation  
There is a large setup violation of -13.861 ns between CPU/rs2reg/third/q_reg/C (clocked by sys_clk_pin) and CPU/resultreg/twentynine/q_reg/D (clocked by sys_clk_pin). Large setup violations at the end of those stages might be difficult to fix during the post-placement implementation flow and could be the result of non-optimal XDC constraints or non-optimal design architecture
Related violations: <none>

TIMING-16#60 Warning
Large setup violation  
There is a large setup violation of -13.894 ns between CPU/rs2reg/third/q_reg/C (clocked by sys_clk_pin) and CPU/resultreg/twentyone/q_reg/D (clocked by sys_clk_pin). Large setup violations at the end of those stages might be difficult to fix during the post-placement implementation flow and could be the result of non-optimal XDC constraints or non-optimal design architecture
Related violations: <none>

TIMING-16#61 Warning
Large setup violation  
There is a large setup violation of -13.938 ns between CPU/rs2reg/third/q_reg/C (clocked by sys_clk_pin) and CPU/resultreg/fifteenth/q_reg/D (clocked by sys_clk_pin). Large setup violations at the end of those stages might be difficult to fix during the post-placement implementation flow and could be the result of non-optimal XDC constraints or non-optimal design architecture
Related violations: <none>

TIMING-16#62 Warning
Large setup violation  
There is a large setup violation of -14.377 ns between CPU/rs2reg/third/q_reg/C (clocked by sys_clk_pin) and CPU/resultreg/twentytwo/q_reg/D (clocked by sys_clk_pin). Large setup violations at the end of those stages might be difficult to fix during the post-placement implementation flow and could be the result of non-optimal XDC constraints or non-optimal design architecture
Related violations: <none>

TIMING-16#63 Warning
Large setup violation  
There is a large setup violation of -14.414 ns between CPU/rs2reg/third/q_reg/C (clocked by sys_clk_pin) and CPU/resultreg/sixteenth/q_reg/D (clocked by sys_clk_pin). Large setup violations at the end of those stages might be difficult to fix during the post-placement implementation flow and could be the result of non-optimal XDC constraints or non-optimal design architecture
Related violations: <none>

TIMING-16#64 Warning
Large setup violation  
There is a large setup violation of -14.856 ns between CPU/rs2reg/third/q_reg/C (clocked by sys_clk_pin) and CPU/resultreg/seventeenth/q_reg/D (clocked by sys_clk_pin). Large setup violations at the end of those stages might be difficult to fix during the post-placement implementation flow and could be the result of non-optimal XDC constraints or non-optimal design architecture
Related violations: <none>

TIMING-16#65 Warning
Large setup violation  
There is a large setup violation of -2.363 ns between CPU/rs2reg/third/q_reg/C (clocked by sys_clk_pin) and CPU/instruction1/twentythree/q_reg/D (clocked by sys_clk_pin). Large setup violations at the end of those stages might be difficult to fix during the post-placement implementation flow and could be the result of non-optimal XDC constraints or non-optimal design architecture
Related violations: <none>

TIMING-16#66 Warning
Large setup violation  
There is a large setup violation of -2.412 ns between CPU/rs2reg/third/q_reg/C (clocked by sys_clk_pin) and CPU/instruction1/twentyfive/q_reg/D (clocked by sys_clk_pin). Large setup violations at the end of those stages might be difficult to fix during the post-placement implementation flow and could be the result of non-optimal XDC constraints or non-optimal design architecture
Related violations: <none>

TIMING-16#67 Warning
Large setup violation  
There is a large setup violation of -4.608 ns between CPU/rs2reg/third/q_reg/C (clocked by sys_clk_pin) and CPU/rs1reg/sixteenth/q_reg/D (clocked by sys_clk_pin). Large setup violations at the end of those stages might be difficult to fix during the post-placement implementation flow and could be the result of non-optimal XDC constraints or non-optimal design architecture
Related violations: <none>

TIMING-16#68 Warning
Large setup violation  
There is a large setup violation of -4.707 ns between CPU/rs2reg/third/q_reg/C (clocked by sys_clk_pin) and CPU/pc/third/q_reg/D (clocked by sys_clk_pin). Large setup violations at the end of those stages might be difficult to fix during the post-placement implementation flow and could be the result of non-optimal XDC constraints or non-optimal design architecture
Related violations: <none>

TIMING-16#69 Warning
Large setup violation  
There is a large setup violation of -4.718 ns between CPU/rs2reg/third/q_reg/C (clocked by sys_clk_pin) and CPU/pc/eleventh/q_reg/D (clocked by sys_clk_pin). Large setup violations at the end of those stages might be difficult to fix during the post-placement implementation flow and could be the result of non-optimal XDC constraints or non-optimal design architecture
Related violations: <none>

TIMING-16#70 Warning
Large setup violation  
There is a large setup violation of -4.825 ns between CPU/rs2reg/third/q_reg/C (clocked by sys_clk_pin) and CPU/pc/fourteenth/q_reg/D (clocked by sys_clk_pin). Large setup violations at the end of those stages might be difficult to fix during the post-placement implementation flow and could be the result of non-optimal XDC constraints or non-optimal design architecture
Related violations: <none>

TIMING-16#71 Warning
Large setup violation  
There is a large setup violation of -4.828 ns between CPU/rs2reg/third/q_reg/C (clocked by sys_clk_pin) and CPU/rs1reg/ninth/q_reg/D (clocked by sys_clk_pin). Large setup violations at the end of those stages might be difficult to fix during the post-placement implementation flow and could be the result of non-optimal XDC constraints or non-optimal design architecture
Related violations: <none>

TIMING-16#72 Warning
Large setup violation  
There is a large setup violation of -4.979 ns between CPU/rs2reg/third/q_reg/C (clocked by sys_clk_pin) and CPU/rs1reg/twentyfour/q_reg/D (clocked by sys_clk_pin). Large setup violations at the end of those stages might be difficult to fix during the post-placement implementation flow and could be the result of non-optimal XDC constraints or non-optimal design architecture
Related violations: <none>

TIMING-16#73 Warning
Large setup violation  
There is a large setup violation of -4.986 ns between CPU/rs2reg/third/q_reg/C (clocked by sys_clk_pin) and CPU/rs1reg/twentytwo/q_reg/D (clocked by sys_clk_pin). Large setup violations at the end of those stages might be difficult to fix during the post-placement implementation flow and could be the result of non-optimal XDC constraints or non-optimal design architecture
Related violations: <none>

TIMING-16#74 Warning
Large setup violation  
There is a large setup violation of -5.001 ns between CPU/rs2reg/third/q_reg/C (clocked by sys_clk_pin) and CPU/rs1reg/twentyfive/q_reg/D (clocked by sys_clk_pin). Large setup violations at the end of those stages might be difficult to fix during the post-placement implementation flow and could be the result of non-optimal XDC constraints or non-optimal design architecture
Related violations: <none>

TIMING-16#75 Warning
Large setup violation  
There is a large setup violation of -5.024 ns between CPU/rs2reg/third/q_reg/C (clocked by sys_clk_pin) and CPU/pc/fifteenth/q_reg/D (clocked by sys_clk_pin). Large setup violations at the end of those stages might be difficult to fix during the post-placement implementation flow and could be the result of non-optimal XDC constraints or non-optimal design architecture
Related violations: <none>

TIMING-16#76 Warning
Large setup violation  
There is a large setup violation of -5.030 ns between CPU/rs2reg/third/q_reg/C (clocked by sys_clk_pin) and CPU/rs1reg/third/q_reg/D (clocked by sys_clk_pin). Large setup violations at the end of those stages might be difficult to fix during the post-placement implementation flow and could be the result of non-optimal XDC constraints or non-optimal design architecture
Related violations: <none>

TIMING-16#77 Warning
Large setup violation  
There is a large setup violation of -5.041 ns between CPU/rs2reg/third/q_reg/C (clocked by sys_clk_pin) and CPU/rs1reg/fifth/q_reg/D (clocked by sys_clk_pin). Large setup violations at the end of those stages might be difficult to fix during the post-placement implementation flow and could be the result of non-optimal XDC constraints or non-optimal design architecture
Related violations: <none>

TIMING-16#78 Warning
Large setup violation  
There is a large setup violation of -5.043 ns between CPU/rs2reg/third/q_reg/C (clocked by sys_clk_pin) and CPU/pc/fifth/q_reg/D (clocked by sys_clk_pin). Large setup violations at the end of those stages might be difficult to fix during the post-placement implementation flow and could be the result of non-optimal XDC constraints or non-optimal design architecture
Related violations: <none>

TIMING-16#79 Warning
Large setup violation  
There is a large setup violation of -5.052 ns between CPU/rs2reg/third/q_reg/C (clocked by sys_clk_pin) and CPU/rs1reg/twentynine/q_reg/D (clocked by sys_clk_pin). Large setup violations at the end of those stages might be difficult to fix during the post-placement implementation flow and could be the result of non-optimal XDC constraints or non-optimal design architecture
Related violations: <none>

TIMING-16#80 Warning
Large setup violation  
There is a large setup violation of -5.072 ns between CPU/rs2reg/third/q_reg/C (clocked by sys_clk_pin) and CPU/rs1reg/eighth/q_reg/D (clocked by sys_clk_pin). Large setup violations at the end of those stages might be difficult to fix during the post-placement implementation flow and could be the result of non-optimal XDC constraints or non-optimal design architecture
Related violations: <none>

TIMING-16#81 Warning
Large setup violation  
There is a large setup violation of -5.095 ns between CPU/rs2reg/third/q_reg/C (clocked by sys_clk_pin) and CPU/rs1reg/twenty/q_reg/D (clocked by sys_clk_pin). Large setup violations at the end of those stages might be difficult to fix during the post-placement implementation flow and could be the result of non-optimal XDC constraints or non-optimal design architecture
Related violations: <none>

TIMING-16#82 Warning
Large setup violation  
There is a large setup violation of -5.096 ns between CPU/rs2reg/third/q_reg/C (clocked by sys_clk_pin) and CPU/rs1reg/second/q_reg/D (clocked by sys_clk_pin). Large setup violations at the end of those stages might be difficult to fix during the post-placement implementation flow and could be the result of non-optimal XDC constraints or non-optimal design architecture
Related violations: <none>

TIMING-16#83 Warning
Large setup violation  
There is a large setup violation of -5.112 ns between CPU/rs2reg/third/q_reg/C (clocked by sys_clk_pin) and CPU/rs1reg/twentyeight/q_reg/D (clocked by sys_clk_pin). Large setup violations at the end of those stages might be difficult to fix during the post-placement implementation flow and could be the result of non-optimal XDC constraints or non-optimal design architecture
Related violations: <none>

TIMING-16#84 Warning
Large setup violation  
There is a large setup violation of -5.118 ns between CPU/rs2reg/third/q_reg/C (clocked by sys_clk_pin) and CPU/pc/second/q_reg/D (clocked by sys_clk_pin). Large setup violations at the end of those stages might be difficult to fix during the post-placement implementation flow and could be the result of non-optimal XDC constraints or non-optimal design architecture
Related violations: <none>

TIMING-16#85 Warning
Large setup violation  
There is a large setup violation of -5.147 ns between CPU/rs2reg/third/q_reg/C (clocked by sys_clk_pin) and CPU/pc/ninth/q_reg/D (clocked by sys_clk_pin). Large setup violations at the end of those stages might be difficult to fix during the post-placement implementation flow and could be the result of non-optimal XDC constraints or non-optimal design architecture
Related violations: <none>

TIMING-16#86 Warning
Large setup violation  
There is a large setup violation of -5.156 ns between CPU/rs2reg/third/q_reg/C (clocked by sys_clk_pin) and CPU/pc/seventh/q_reg/D (clocked by sys_clk_pin). Large setup violations at the end of those stages might be difficult to fix during the post-placement implementation flow and could be the result of non-optimal XDC constraints or non-optimal design architecture
Related violations: <none>

TIMING-16#87 Warning
Large setup violation  
There is a large setup violation of -5.156 ns between CPU/rs2reg/third/q_reg/C (clocked by sys_clk_pin) and CPU/rs1reg/seventh/q_reg/D (clocked by sys_clk_pin). Large setup violations at the end of those stages might be difficult to fix during the post-placement implementation flow and could be the result of non-optimal XDC constraints or non-optimal design architecture
Related violations: <none>

TIMING-16#88 Warning
Large setup violation  
There is a large setup violation of -5.185 ns between CPU/rs2reg/third/q_reg/C (clocked by sys_clk_pin) and CPU/rs1reg/fifteenth/q_reg/D (clocked by sys_clk_pin). Large setup violations at the end of those stages might be difficult to fix during the post-placement implementation flow and could be the result of non-optimal XDC constraints or non-optimal design architecture
Related violations: <none>

TIMING-16#89 Warning
Large setup violation  
There is a large setup violation of -5.188 ns between CPU/rs2reg/third/q_reg/C (clocked by sys_clk_pin) and CPU/rs1reg/seventeenth/q_reg/D (clocked by sys_clk_pin). Large setup violations at the end of those stages might be difficult to fix during the post-placement implementation flow and could be the result of non-optimal XDC constraints or non-optimal design architecture
Related violations: <none>

TIMING-16#90 Warning
Large setup violation  
There is a large setup violation of -5.204 ns between CPU/rs2reg/third/q_reg/C (clocked by sys_clk_pin) and CPU/rs1reg/sixth/q_reg/D (clocked by sys_clk_pin). Large setup violations at the end of those stages might be difficult to fix during the post-placement implementation flow and could be the result of non-optimal XDC constraints or non-optimal design architecture
Related violations: <none>

TIMING-16#91 Warning
Large setup violation  
There is a large setup violation of -5.261 ns between CPU/rs2reg/third/q_reg/C (clocked by sys_clk_pin) and CPU/rs1reg/twentythree/q_reg/D (clocked by sys_clk_pin). Large setup violations at the end of those stages might be difficult to fix during the post-placement implementation flow and could be the result of non-optimal XDC constraints or non-optimal design architecture
Related violations: <none>

TIMING-16#92 Warning
Large setup violation  
There is a large setup violation of -5.264 ns between CPU/rs2reg/third/q_reg/C (clocked by sys_clk_pin) and CPU/rs1reg/thierteenth/q_reg/D (clocked by sys_clk_pin). Large setup violations at the end of those stages might be difficult to fix during the post-placement implementation flow and could be the result of non-optimal XDC constraints or non-optimal design architecture
Related violations: <none>

TIMING-16#93 Warning
Large setup violation  
There is a large setup violation of -5.272 ns between CPU/rs2reg/third/q_reg/C (clocked by sys_clk_pin) and CPU/pc/sixth/q_reg/D (clocked by sys_clk_pin). Large setup violations at the end of those stages might be difficult to fix during the post-placement implementation flow and could be the result of non-optimal XDC constraints or non-optimal design architecture
Related violations: <none>

TIMING-16#94 Warning
Large setup violation  
There is a large setup violation of -5.315 ns between CPU/rs2reg/third/q_reg/C (clocked by sys_clk_pin) and CPU/pc/first/q_reg/D (clocked by sys_clk_pin). Large setup violations at the end of those stages might be difficult to fix during the post-placement implementation flow and could be the result of non-optimal XDC constraints or non-optimal design architecture
Related violations: <none>

TIMING-16#95 Warning
Large setup violation  
There is a large setup violation of -5.321 ns between CPU/rs2reg/third/q_reg/C (clocked by sys_clk_pin) and CPU/rs1reg/twentyseven/q_reg/D (clocked by sys_clk_pin). Large setup violations at the end of those stages might be difficult to fix during the post-placement implementation flow and could be the result of non-optimal XDC constraints or non-optimal design architecture
Related violations: <none>

TIMING-16#96 Warning
Large setup violation  
There is a large setup violation of -5.409 ns between CPU/rs2reg/third/q_reg/C (clocked by sys_clk_pin) and CPU/pc/fourth/q_reg/D (clocked by sys_clk_pin). Large setup violations at the end of those stages might be difficult to fix during the post-placement implementation flow and could be the result of non-optimal XDC constraints or non-optimal design architecture
Related violations: <none>

TIMING-16#97 Warning
Large setup violation  
There is a large setup violation of -5.431 ns between CPU/rs2reg/third/q_reg/C (clocked by sys_clk_pin) and CPU/pc/twelfth/q_reg/D (clocked by sys_clk_pin). Large setup violations at the end of those stages might be difficult to fix during the post-placement implementation flow and could be the result of non-optimal XDC constraints or non-optimal design architecture
Related violations: <none>

TIMING-16#98 Warning
Large setup violation  
There is a large setup violation of -5.461 ns between CPU/rs2reg/third/q_reg/C (clocked by sys_clk_pin) and CPU/rs1reg/twentyone/q_reg/D (clocked by sys_clk_pin). Large setup violations at the end of those stages might be difficult to fix during the post-placement implementation flow and could be the result of non-optimal XDC constraints or non-optimal design architecture
Related violations: <none>

TIMING-16#99 Warning
Large setup violation  
There is a large setup violation of -5.465 ns between CPU/rs2reg/third/q_reg/C (clocked by sys_clk_pin) and CPU/md1/M1/reg3/zero/q_reg/D (clocked by sys_clk_pin). Large setup violations at the end of those stages might be difficult to fix during the post-placement implementation flow and could be the result of non-optimal XDC constraints or non-optimal design architecture
Related violations: <none>

TIMING-16#100 Warning
Large setup violation  
There is a large setup violation of -5.501 ns between CPU/rs2reg/third/q_reg/C (clocked by sys_clk_pin) and CPU/pc/eighth/q_reg/D (clocked by sys_clk_pin). Large setup violations at the end of those stages might be difficult to fix during the post-placement implementation flow and could be the result of non-optimal XDC constraints or non-optimal design architecture
Related violations: <none>

TIMING-16#101 Warning
Large setup violation  
There is a large setup violation of -5.514 ns between CPU/rs2reg/third/q_reg/C (clocked by sys_clk_pin) and CPU/pc/thierteenth/q_reg/D (clocked by sys_clk_pin). Large setup violations at the end of those stages might be difficult to fix during the post-placement implementation flow and could be the result of non-optimal XDC constraints or non-optimal design architecture
Related violations: <none>

TIMING-16#102 Warning
Large setup violation  
There is a large setup violation of -5.532 ns between CPU/rs2reg/third/q_reg/C (clocked by sys_clk_pin) and CPU/pc/tenth/q_reg/D (clocked by sys_clk_pin). Large setup violations at the end of those stages might be difficult to fix during the post-placement implementation flow and could be the result of non-optimal XDC constraints or non-optimal design architecture
Related violations: <none>

TIMING-16#103 Warning
Large setup violation  
There is a large setup violation of -5.544 ns between CPU/rs2reg/third/q_reg/C (clocked by sys_clk_pin) and CPU/rs1reg/first/q_reg/D (clocked by sys_clk_pin). Large setup violations at the end of those stages might be difficult to fix during the post-placement implementation flow and could be the result of non-optimal XDC constraints or non-optimal design architecture
Related violations: <none>

TIMING-16#104 Warning
Large setup violation  
There is a large setup violation of -5.553 ns between CPU/rs2reg/third/q_reg/C (clocked by sys_clk_pin) and CPU/rs1reg/tenth/q_reg/D (clocked by sys_clk_pin). Large setup violations at the end of those stages might be difficult to fix during the post-placement implementation flow and could be the result of non-optimal XDC constraints or non-optimal design architecture
Related violations: <none>

TIMING-16#105 Warning
Large setup violation  
There is a large setup violation of -5.587 ns between CPU/rs2reg/third/q_reg/C (clocked by sys_clk_pin) and CPU/rs1reg/nineteenth/q_reg/D (clocked by sys_clk_pin). Large setup violations at the end of those stages might be difficult to fix during the post-placement implementation flow and could be the result of non-optimal XDC constraints or non-optimal design architecture
Related violations: <none>

TIMING-16#106 Warning
Large setup violation  
There is a large setup violation of -5.645 ns between CPU/rs2reg/third/q_reg/C (clocked by sys_clk_pin) and CPU/rs1reg/thirty/q_reg/D (clocked by sys_clk_pin). Large setup violations at the end of those stages might be difficult to fix during the post-placement implementation flow and could be the result of non-optimal XDC constraints or non-optimal design architecture
Related violations: <none>

TIMING-16#107 Warning
Large setup violation  
There is a large setup violation of -5.675 ns between CPU/rs2reg/third/q_reg/C (clocked by sys_clk_pin) and CPU/rs1reg/thirtyone/q_reg/D (clocked by sys_clk_pin). Large setup violations at the end of those stages might be difficult to fix during the post-placement implementation flow and could be the result of non-optimal XDC constraints or non-optimal design architecture
Related violations: <none>

TIMING-16#108 Warning
Large setup violation  
There is a large setup violation of -5.675 ns between CPU/rs2reg/third/q_reg/C (clocked by sys_clk_pin) and CPU/rs1reg/twentysix/q_reg/D (clocked by sys_clk_pin). Large setup violations at the end of those stages might be difficult to fix during the post-placement implementation flow and could be the result of non-optimal XDC constraints or non-optimal design architecture
Related violations: <none>

TIMING-16#109 Warning
Large setup violation  
There is a large setup violation of -5.706 ns between CPU/rs2reg/third/q_reg/C (clocked by sys_clk_pin) and CPU/rs1reg/eighteenth/q_reg/D (clocked by sys_clk_pin). Large setup violations at the end of those stages might be difficult to fix during the post-placement implementation flow and could be the result of non-optimal XDC constraints or non-optimal design architecture
Related violations: <none>

TIMING-16#110 Warning
Large setup violation  
There is a large setup violation of -5.759 ns between CPU/rs2reg/third/q_reg/C (clocked by sys_clk_pin) and CPU/rs1reg/eleventh/q_reg/D (clocked by sys_clk_pin). Large setup violations at the end of those stages might be difficult to fix during the post-placement implementation flow and could be the result of non-optimal XDC constraints or non-optimal design architecture
Related violations: <none>

TIMING-16#111 Warning
Large setup violation  
There is a large setup violation of -5.793 ns between CPU/rs2reg/third/q_reg/C (clocked by sys_clk_pin) and CPU/rs1reg/fourteenth/q_reg/D (clocked by sys_clk_pin). Large setup violations at the end of those stages might be difficult to fix during the post-placement implementation flow and could be the result of non-optimal XDC constraints or non-optimal design architecture
Related violations: <none>

TIMING-16#112 Warning
Large setup violation  
There is a large setup violation of -5.973 ns between CPU/rs2reg/third/q_reg/C (clocked by sys_clk_pin) and CPU/md1/M1/reg3/first/q_reg/D (clocked by sys_clk_pin). Large setup violations at the end of those stages might be difficult to fix during the post-placement implementation flow and could be the result of non-optimal XDC constraints or non-optimal design architecture
Related violations: <none>

TIMING-16#113 Warning
Large setup violation  
There is a large setup violation of -5.980 ns between CPU/rs2reg/third/q_reg/C (clocked by sys_clk_pin) and CPU/md1/M1/reg3/second/q_reg/D (clocked by sys_clk_pin). Large setup violations at the end of those stages might be difficult to fix during the post-placement implementation flow and could be the result of non-optimal XDC constraints or non-optimal design architecture
Related violations: <none>

TIMING-16#114 Warning
Large setup violation  
There is a large setup violation of -5.983 ns between CPU/rs2reg/third/q_reg/C (clocked by sys_clk_pin) and CPU/rs1reg/twelfth/q_reg/D (clocked by sys_clk_pin). Large setup violations at the end of those stages might be difficult to fix during the post-placement implementation flow and could be the result of non-optimal XDC constraints or non-optimal design architecture
Related violations: <none>

TIMING-16#115 Warning
Large setup violation  
There is a large setup violation of -6.069 ns between CPU/rs2reg/third/q_reg/C (clocked by sys_clk_pin) and CPU/rs1reg/fourth/q_reg/D (clocked by sys_clk_pin). Large setup violations at the end of those stages might be difficult to fix during the post-placement implementation flow and could be the result of non-optimal XDC constraints or non-optimal design architecture
Related violations: <none>

TIMING-16#116 Warning
Large setup violation  
There is a large setup violation of -6.160 ns between CPU/rs2reg/third/q_reg/C (clocked by sys_clk_pin) and CPU/md1/M1/reg3/fourth/q_reg/D (clocked by sys_clk_pin). Large setup violations at the end of those stages might be difficult to fix during the post-placement implementation flow and could be the result of non-optimal XDC constraints or non-optimal design architecture
Related violations: <none>

TIMING-16#117 Warning
Large setup violation  
There is a large setup violation of -6.291 ns between CPU/rs2reg/third/q_reg/C (clocked by sys_clk_pin) and CPU/md1/M1/reg3/third/q_reg/D (clocked by sys_clk_pin). Large setup violations at the end of those stages might be difficult to fix during the post-placement implementation flow and could be the result of non-optimal XDC constraints or non-optimal design architecture
Related violations: <none>

TIMING-16#118 Warning
Large setup violation  
There is a large setup violation of -6.448 ns between CPU/rs2reg/third/q_reg/C (clocked by sys_clk_pin) and CPU/md1/D1/reg1/third/q_reg/D (clocked by sys_clk_pin). Large setup violations at the end of those stages might be difficult to fix during the post-placement implementation flow and could be the result of non-optimal XDC constraints or non-optimal design architecture
Related violations: <none>

TIMING-16#119 Warning
Large setup violation  
There is a large setup violation of -6.468 ns between CPU/rs2reg/third/q_reg/C (clocked by sys_clk_pin) and CPU/md1/M1/reg3/fifth/q_reg/D (clocked by sys_clk_pin). Large setup violations at the end of those stages might be difficult to fix during the post-placement implementation flow and could be the result of non-optimal XDC constraints or non-optimal design architecture
Related violations: <none>

TIMING-16#120 Warning
Large setup violation  
There is a large setup violation of -6.662 ns between CPU/rs2reg/third/q_reg/C (clocked by sys_clk_pin) and CPU/md1/D1/reg1/second/q_reg/D (clocked by sys_clk_pin). Large setup violations at the end of those stages might be difficult to fix during the post-placement implementation flow and could be the result of non-optimal XDC constraints or non-optimal design architecture
Related violations: <none>

TIMING-16#121 Warning
Large setup violation  
There is a large setup violation of -6.677 ns between CPU/rs2reg/third/q_reg/C (clocked by sys_clk_pin) and CPU/md1/D1/reg1/seventh/q_reg/D (clocked by sys_clk_pin). Large setup violations at the end of those stages might be difficult to fix during the post-placement implementation flow and could be the result of non-optimal XDC constraints or non-optimal design architecture
Related violations: <none>

TIMING-16#122 Warning
Large setup violation  
There is a large setup violation of -6.678 ns between CPU/rs2reg/third/q_reg/C (clocked by sys_clk_pin) and CPU/md1/D1/reg1/ninth/q_reg/D (clocked by sys_clk_pin). Large setup violations at the end of those stages might be difficult to fix during the post-placement implementation flow and could be the result of non-optimal XDC constraints or non-optimal design architecture
Related violations: <none>

TIMING-16#123 Warning
Large setup violation  
There is a large setup violation of -6.722 ns between CPU/rs2reg/third/q_reg/C (clocked by sys_clk_pin) and CPU/md1/D1/reg1/fifth/q_reg/D (clocked by sys_clk_pin). Large setup violations at the end of those stages might be difficult to fix during the post-placement implementation flow and could be the result of non-optimal XDC constraints or non-optimal design architecture
Related violations: <none>

TIMING-16#124 Warning
Large setup violation  
There is a large setup violation of -6.723 ns between CPU/rs2reg/third/q_reg/C (clocked by sys_clk_pin) and CPU/md1/D1/reg1/tenth/q_reg/D (clocked by sys_clk_pin). Large setup violations at the end of those stages might be difficult to fix during the post-placement implementation flow and could be the result of non-optimal XDC constraints or non-optimal design architecture
Related violations: <none>

TIMING-16#125 Warning
Large setup violation  
There is a large setup violation of -6.858 ns between CPU/rs2reg/third/q_reg/C (clocked by sys_clk_pin) and CPU/md1/D1/reg1/fifteenth/q_reg/D (clocked by sys_clk_pin). Large setup violations at the end of those stages might be difficult to fix during the post-placement implementation flow and could be the result of non-optimal XDC constraints or non-optimal design architecture
Related violations: <none>

TIMING-16#126 Warning
Large setup violation  
There is a large setup violation of -6.922 ns between CPU/rs2reg/third/q_reg/C (clocked by sys_clk_pin) and CPU/md1/D1/reg1/fourteenth/q_reg/D (clocked by sys_clk_pin). Large setup violations at the end of those stages might be difficult to fix during the post-placement implementation flow and could be the result of non-optimal XDC constraints or non-optimal design architecture
Related violations: <none>

TIMING-16#127 Warning
Large setup violation  
There is a large setup violation of -6.986 ns between CPU/rs2reg/third/q_reg/C (clocked by sys_clk_pin) and CPU/md1/D1/reg1/sixth/q_reg/D (clocked by sys_clk_pin). Large setup violations at the end of those stages might be difficult to fix during the post-placement implementation flow and could be the result of non-optimal XDC constraints or non-optimal design architecture
Related violations: <none>

TIMING-16#128 Warning
Large setup violation  
There is a large setup violation of -6.995 ns between CPU/rs2reg/third/q_reg/C (clocked by sys_clk_pin) and CPU/md1/D1/reg1/thierteenth/q_reg/D (clocked by sys_clk_pin). Large setup violations at the end of those stages might be difficult to fix during the post-placement implementation flow and could be the result of non-optimal XDC constraints or non-optimal design architecture
Related violations: <none>

TIMING-16#129 Warning
Large setup violation  
There is a large setup violation of -7.016 ns between CPU/rs2reg/third/q_reg/C (clocked by sys_clk_pin) and CPU/md1/D1/reg1/eighth/q_reg/D (clocked by sys_clk_pin). Large setup violations at the end of those stages might be difficult to fix during the post-placement implementation flow and could be the result of non-optimal XDC constraints or non-optimal design architecture
Related violations: <none>

TIMING-16#130 Warning
Large setup violation  
There is a large setup violation of -7.059 ns between CPU/rs2reg/third/q_reg/C (clocked by sys_clk_pin) and CPU/md1/D1/reg1/fourth/q_reg/D (clocked by sys_clk_pin). Large setup violations at the end of those stages might be difficult to fix during the post-placement implementation flow and could be the result of non-optimal XDC constraints or non-optimal design architecture
Related violations: <none>

TIMING-16#131 Warning
Large setup violation  
There is a large setup violation of -7.096 ns between CPU/rs2reg/third/q_reg/C (clocked by sys_clk_pin) and CPU/md1/M1/reg3/sixth/q_reg/D (clocked by sys_clk_pin). Large setup violations at the end of those stages might be difficult to fix during the post-placement implementation flow and could be the result of non-optimal XDC constraints or non-optimal design architecture
Related violations: <none>

TIMING-16#132 Warning
Large setup violation  
There is a large setup violation of -7.144 ns between CPU/rs2reg/third/q_reg/C (clocked by sys_clk_pin) and CPU/md1/D1/reg1/eleventh/q_reg/D (clocked by sys_clk_pin). Large setup violations at the end of those stages might be difficult to fix during the post-placement implementation flow and could be the result of non-optimal XDC constraints or non-optimal design architecture
Related violations: <none>

TIMING-16#133 Warning
Large setup violation  
There is a large setup violation of -7.185 ns between CPU/rs2reg/third/q_reg/C (clocked by sys_clk_pin) and CPU/md1/M1/reg3/eleventh/q_reg/D (clocked by sys_clk_pin). Large setup violations at the end of those stages might be difficult to fix during the post-placement implementation flow and could be the result of non-optimal XDC constraints or non-optimal design architecture
Related violations: <none>

TIMING-16#134 Warning
Large setup violation  
There is a large setup violation of -7.203 ns between CPU/rs2reg/third/q_reg/C (clocked by sys_clk_pin) and CPU/md1/D1/reg1/seventeenth/q_reg/D (clocked by sys_clk_pin). Large setup violations at the end of those stages might be difficult to fix during the post-placement implementation flow and could be the result of non-optimal XDC constraints or non-optimal design architecture
Related violations: <none>

TIMING-16#135 Warning
Large setup violation  
There is a large setup violation of -7.275 ns between CPU/rs2reg/third/q_reg/C (clocked by sys_clk_pin) and CPU/md1/M1/reg3/eighth/q_reg/D (clocked by sys_clk_pin). Large setup violations at the end of those stages might be difficult to fix during the post-placement implementation flow and could be the result of non-optimal XDC constraints or non-optimal design architecture
Related violations: <none>

TIMING-16#136 Warning
Large setup violation  
There is a large setup violation of -7.280 ns between CPU/rs2reg/third/q_reg/C (clocked by sys_clk_pin) and CPU/md1/D1/reg1/twelfth/q_reg/D (clocked by sys_clk_pin). Large setup violations at the end of those stages might be difficult to fix during the post-placement implementation flow and could be the result of non-optimal XDC constraints or non-optimal design architecture
Related violations: <none>

TIMING-16#137 Warning
Large setup violation  
There is a large setup violation of -7.287 ns between CPU/rs2reg/third/q_reg/C (clocked by sys_clk_pin) and CPU/md1/M1/reg3/seventh/q_reg/D (clocked by sys_clk_pin). Large setup violations at the end of those stages might be difficult to fix during the post-placement implementation flow and could be the result of non-optimal XDC constraints or non-optimal design architecture
Related violations: <none>

TIMING-16#138 Warning
Large setup violation  
There is a large setup violation of -7.297 ns between CPU/rs2reg/third/q_reg/C (clocked by sys_clk_pin) and CPU/md1/M1/reg3/twelfth/q_reg/D (clocked by sys_clk_pin). Large setup violations at the end of those stages might be difficult to fix during the post-placement implementation flow and could be the result of non-optimal XDC constraints or non-optimal design architecture
Related violations: <none>

TIMING-16#139 Warning
Large setup violation  
There is a large setup violation of -7.460 ns between CPU/rs2reg/third/q_reg/C (clocked by sys_clk_pin) and CPU/md1/D1/reg1/twentytwo/q_reg/D (clocked by sys_clk_pin). Large setup violations at the end of those stages might be difficult to fix during the post-placement implementation flow and could be the result of non-optimal XDC constraints or non-optimal design architecture
Related violations: <none>

TIMING-16#140 Warning
Large setup violation  
There is a large setup violation of -7.609 ns between CPU/rs2reg/third/q_reg/C (clocked by sys_clk_pin) and CPU/md1/D1/reg1/sixteenth/q_reg/D (clocked by sys_clk_pin). Large setup violations at the end of those stages might be difficult to fix during the post-placement implementation flow and could be the result of non-optimal XDC constraints or non-optimal design architecture
Related violations: <none>

TIMING-16#141 Warning
Large setup violation  
There is a large setup violation of -7.736 ns between CPU/rs2reg/third/q_reg/C (clocked by sys_clk_pin) and CPU/md1/M1/reg3/fourteenth/q_reg/D (clocked by sys_clk_pin). Large setup violations at the end of those stages might be difficult to fix during the post-placement implementation flow and could be the result of non-optimal XDC constraints or non-optimal design architecture
Related violations: <none>

TIMING-16#142 Warning
Large setup violation  
There is a large setup violation of -7.737 ns between CPU/rs2reg/third/q_reg/C (clocked by sys_clk_pin) and CPU/md1/M1/reg3/thierteenth/q_reg/D (clocked by sys_clk_pin). Large setup violations at the end of those stages might be difficult to fix during the post-placement implementation flow and could be the result of non-optimal XDC constraints or non-optimal design architecture
Related violations: <none>

TIMING-16#143 Warning
Large setup violation  
There is a large setup violation of -7.823 ns between CPU/rs2reg/third/q_reg/C (clocked by sys_clk_pin) and CPU/md1/D1/reg1/eighteenth/q_reg/D (clocked by sys_clk_pin). Large setup violations at the end of those stages might be difficult to fix during the post-placement implementation flow and could be the result of non-optimal XDC constraints or non-optimal design architecture
Related violations: <none>

TIMING-16#144 Warning
Large setup violation  
There is a large setup violation of -7.834 ns between CPU/rs2reg/third/q_reg/C (clocked by sys_clk_pin) and CPU/md1/D1/reg1/twentyone/q_reg/D (clocked by sys_clk_pin). Large setup violations at the end of those stages might be difficult to fix during the post-placement implementation flow and could be the result of non-optimal XDC constraints or non-optimal design architecture
Related violations: <none>

TIMING-16#145 Warning
Large setup violation  
There is a large setup violation of -7.836 ns between CPU/rs2reg/third/q_reg/C (clocked by sys_clk_pin) and CPU/md1/M1/reg3/twentyone/q_reg/D (clocked by sys_clk_pin). Large setup violations at the end of those stages might be difficult to fix during the post-placement implementation flow and could be the result of non-optimal XDC constraints or non-optimal design architecture
Related violations: <none>

TIMING-16#146 Warning
Large setup violation  
There is a large setup violation of -7.912 ns between CPU/rs2reg/third/q_reg/C (clocked by sys_clk_pin) and CPU/md1/M1/reg3/nineteenth/q_reg/D (clocked by sys_clk_pin). Large setup violations at the end of those stages might be difficult to fix during the post-placement implementation flow and could be the result of non-optimal XDC constraints or non-optimal design architecture
Related violations: <none>

TIMING-16#147 Warning
Large setup violation  
There is a large setup violation of -7.933 ns between CPU/rs2reg/third/q_reg/C (clocked by sys_clk_pin) and CPU/md1/M1/reg3/ninth/q_reg/D (clocked by sys_clk_pin). Large setup violations at the end of those stages might be difficult to fix during the post-placement implementation flow and could be the result of non-optimal XDC constraints or non-optimal design architecture
Related violations: <none>

TIMING-16#148 Warning
Large setup violation  
There is a large setup violation of -8.042 ns between CPU/rs2reg/third/q_reg/C (clocked by sys_clk_pin) and CPU/md1/M1/reg3/seventeenth/q_reg/D (clocked by sys_clk_pin). Large setup violations at the end of those stages might be difficult to fix during the post-placement implementation flow and could be the result of non-optimal XDC constraints or non-optimal design architecture
Related violations: <none>

TIMING-16#149 Warning
Large setup violation  
There is a large setup violation of -8.145 ns between CPU/rs2reg/third/q_reg/C (clocked by sys_clk_pin) and CPU/md1/M1/reg3/twenty/q_reg/D (clocked by sys_clk_pin). Large setup violations at the end of those stages might be difficult to fix during the post-placement implementation flow and could be the result of non-optimal XDC constraints or non-optimal design architecture
Related violations: <none>

TIMING-16#150 Warning
Large setup violation  
There is a large setup violation of -8.180 ns between CPU/rs2reg/third/q_reg/C (clocked by sys_clk_pin) and CPU/md1/M1/reg3/sixteenth/q_reg/D (clocked by sys_clk_pin). Large setup violations at the end of those stages might be difficult to fix during the post-placement implementation flow and could be the result of non-optimal XDC constraints or non-optimal design architecture
Related violations: <none>

TIMING-16#151 Warning
Large setup violation  
There is a large setup violation of -8.233 ns between CPU/rs2reg/third/q_reg/C (clocked by sys_clk_pin) and CPU/md1/D1/reg1/twenty/q_reg/D (clocked by sys_clk_pin). Large setup violations at the end of those stages might be difficult to fix during the post-placement implementation flow and could be the result of non-optimal XDC constraints or non-optimal design architecture
Related violations: <none>

TIMING-16#152 Warning
Large setup violation  
There is a large setup violation of -8.263 ns between CPU/rs2reg/third/q_reg/C (clocked by sys_clk_pin) and CPU/md1/D1/reg1/nineteenth/q_reg/D (clocked by sys_clk_pin). Large setup violations at the end of those stages might be difficult to fix during the post-placement implementation flow and could be the result of non-optimal XDC constraints or non-optimal design architecture
Related violations: <none>

TIMING-16#153 Warning
Large setup violation  
There is a large setup violation of -8.363 ns between CPU/rs2reg/third/q_reg/C (clocked by sys_clk_pin) and CPU/md1/D1/reg1/thirtyone/q_reg/D (clocked by sys_clk_pin). Large setup violations at the end of those stages might be difficult to fix during the post-placement implementation flow and could be the result of non-optimal XDC constraints or non-optimal design architecture
Related violations: <none>

TIMING-16#154 Warning
Large setup violation  
There is a large setup violation of -8.401 ns between CPU/rs2reg/third/q_reg/C (clocked by sys_clk_pin) and CPU/md1/D1/reg1/twentyfour/q_reg/D (clocked by sys_clk_pin). Large setup violations at the end of those stages might be difficult to fix during the post-placement implementation flow and could be the result of non-optimal XDC constraints or non-optimal design architecture
Related violations: <none>

TIMING-16#155 Warning
Large setup violation  
There is a large setup violation of -8.410 ns between CPU/rs2reg/third/q_reg/C (clocked by sys_clk_pin) and CPU/md1/D1/reg1/twentynine/q_reg/D (clocked by sys_clk_pin). Large setup violations at the end of those stages might be difficult to fix during the post-placement implementation flow and could be the result of non-optimal XDC constraints or non-optimal design architecture
Related violations: <none>

TIMING-16#156 Warning
Large setup violation  
There is a large setup violation of -8.421 ns between CPU/rs2reg/third/q_reg/C (clocked by sys_clk_pin) and CPU/md1/D1/reg1/twentysix/q_reg/D (clocked by sys_clk_pin). Large setup violations at the end of those stages might be difficult to fix during the post-placement implementation flow and could be the result of non-optimal XDC constraints or non-optimal design architecture
Related violations: <none>

TIMING-16#157 Warning
Large setup violation  
There is a large setup violation of -8.441 ns between CPU/rs2reg/third/q_reg/C (clocked by sys_clk_pin) and CPU/md1/D1/reg1/twentyeight/q_reg/D (clocked by sys_clk_pin). Large setup violations at the end of those stages might be difficult to fix during the post-placement implementation flow and could be the result of non-optimal XDC constraints or non-optimal design architecture
Related violations: <none>

TIMING-16#158 Warning
Large setup violation  
There is a large setup violation of -8.461 ns between CPU/rs2reg/third/q_reg/C (clocked by sys_clk_pin) and CPU/md1/D1/reg1/twentythree/q_reg/D (clocked by sys_clk_pin). Large setup violations at the end of those stages might be difficult to fix during the post-placement implementation flow and could be the result of non-optimal XDC constraints or non-optimal design architecture
Related violations: <none>

TIMING-16#159 Warning
Large setup violation  
There is a large setup violation of -8.468 ns between CPU/rs2reg/third/q_reg/C (clocked by sys_clk_pin) and CPU/md1/M1/reg3/twentythree/q_reg/D (clocked by sys_clk_pin). Large setup violations at the end of those stages might be difficult to fix during the post-placement implementation flow and could be the result of non-optimal XDC constraints or non-optimal design architecture
Related violations: <none>

TIMING-16#160 Warning
Large setup violation  
There is a large setup violation of -8.488 ns between CPU/rs2reg/third/q_reg/C (clocked by sys_clk_pin) and CPU/md1/M1/reg3/tenth/q_reg/D (clocked by sys_clk_pin). Large setup violations at the end of those stages might be difficult to fix during the post-placement implementation flow and could be the result of non-optimal XDC constraints or non-optimal design architecture
Related violations: <none>

TIMING-16#161 Warning
Large setup violation  
There is a large setup violation of -8.559 ns between CPU/rs2reg/third/q_reg/C (clocked by sys_clk_pin) and CPU/md1/D1/reg1/thirty/q_reg/D (clocked by sys_clk_pin). Large setup violations at the end of those stages might be difficult to fix during the post-placement implementation flow and could be the result of non-optimal XDC constraints or non-optimal design architecture
Related violations: <none>

TIMING-16#162 Warning
Large setup violation  
There is a large setup violation of -8.568 ns between CPU/rs2reg/third/q_reg/C (clocked by sys_clk_pin) and CPU/md1/D1/reg1/twentyseven/q_reg/D (clocked by sys_clk_pin). Large setup violations at the end of those stages might be difficult to fix during the post-placement implementation flow and could be the result of non-optimal XDC constraints or non-optimal design architecture
Related violations: <none>

TIMING-16#163 Warning
Large setup violation  
There is a large setup violation of -8.568 ns between CPU/rs2reg/third/q_reg/C (clocked by sys_clk_pin) and CPU/md1/M1/reg3/twentytwo/q_reg/D (clocked by sys_clk_pin). Large setup violations at the end of those stages might be difficult to fix during the post-placement implementation flow and could be the result of non-optimal XDC constraints or non-optimal design architecture
Related violations: <none>

TIMING-16#164 Warning
Large setup violation  
There is a large setup violation of -8.628 ns between CPU/rs2reg/third/q_reg/C (clocked by sys_clk_pin) and CPU/md1/D1/reg1/twentyfive/q_reg/D (clocked by sys_clk_pin). Large setup violations at the end of those stages might be difficult to fix during the post-placement implementation flow and could be the result of non-optimal XDC constraints or non-optimal design architecture
Related violations: <none>

TIMING-16#165 Warning
Large setup violation  
There is a large setup violation of -8.830 ns between CPU/rs2reg/third/q_reg/C (clocked by sys_clk_pin) and CPU/md1/M1/reg3/eighteenth/q_reg/D (clocked by sys_clk_pin). Large setup violations at the end of those stages might be difficult to fix during the post-placement implementation flow and could be the result of non-optimal XDC constraints or non-optimal design architecture
Related violations: <none>

TIMING-16#166 Warning
Large setup violation  
There is a large setup violation of -9.155 ns between CPU/rs2reg/third/q_reg/C (clocked by sys_clk_pin) and CPU/md1/M1/reg3/twentynine/q_reg/D (clocked by sys_clk_pin). Large setup violations at the end of those stages might be difficult to fix during the post-placement implementation flow and could be the result of non-optimal XDC constraints or non-optimal design architecture
Related violations: <none>

TIMING-16#167 Warning
Large setup violation  
There is a large setup violation of -9.175 ns between CPU/rs2reg/third/q_reg/C (clocked by sys_clk_pin) and CPU/md1/M1/reg3/twentysix/q_reg/D (clocked by sys_clk_pin). Large setup violations at the end of those stages might be difficult to fix during the post-placement implementation flow and could be the result of non-optimal XDC constraints or non-optimal design architecture
Related violations: <none>

TIMING-16#168 Warning
Large setup violation  
There is a large setup violation of -9.210 ns between CPU/rs2reg/third/q_reg/C (clocked by sys_clk_pin) and CPU/md1/M1/reg3/twentyeight/q_reg/D (clocked by sys_clk_pin). Large setup violations at the end of those stages might be difficult to fix during the post-placement implementation flow and could be the result of non-optimal XDC constraints or non-optimal design architecture
Related violations: <none>

TIMING-16#169 Warning
Large setup violation  
There is a large setup violation of -9.286 ns between CPU/rs2reg/third/q_reg/C (clocked by sys_clk_pin) and CPU/md1/D1/reg3/eighth/q_reg/D (clocked by sys_clk_pin). Large setup violations at the end of those stages might be difficult to fix during the post-placement implementation flow and could be the result of non-optimal XDC constraints or non-optimal design architecture
Related violations: <none>

TIMING-16#170 Warning
Large setup violation  
There is a large setup violation of -9.318 ns between CPU/rs2reg/third/q_reg/C (clocked by sys_clk_pin) and CPU/md1/D1/reg3/seventeenth/q_reg/D (clocked by sys_clk_pin). Large setup violations at the end of those stages might be difficult to fix during the post-placement implementation flow and could be the result of non-optimal XDC constraints or non-optimal design architecture
Related violations: <none>

TIMING-16#171 Warning
Large setup violation  
There is a large setup violation of -9.337 ns between CPU/rs2reg/third/q_reg/C (clocked by sys_clk_pin) and CPU/md1/M1/reg3/twentyfive/q_reg/D (clocked by sys_clk_pin). Large setup violations at the end of those stages might be difficult to fix during the post-placement implementation flow and could be the result of non-optimal XDC constraints or non-optimal design architecture
Related violations: <none>

TIMING-16#172 Warning
Large setup violation  
There is a large setup violation of -9.340 ns between CPU/rs2reg/third/q_reg/C (clocked by sys_clk_pin) and CPU/md1/D1/reg3/third/q_reg/D (clocked by sys_clk_pin). Large setup violations at the end of those stages might be difficult to fix during the post-placement implementation flow and could be the result of non-optimal XDC constraints or non-optimal design architecture
Related violations: <none>

TIMING-16#173 Warning
Large setup violation  
There is a large setup violation of -9.347 ns between CPU/rs2reg/third/q_reg/C (clocked by sys_clk_pin) and CPU/md1/M1/reg3/thirty/q_reg/D (clocked by sys_clk_pin). Large setup violations at the end of those stages might be difficult to fix during the post-placement implementation flow and could be the result of non-optimal XDC constraints or non-optimal design architecture
Related violations: <none>

TIMING-16#174 Warning
Large setup violation  
There is a large setup violation of -9.348 ns between CPU/rs2reg/third/q_reg/C (clocked by sys_clk_pin) and CPU/md1/D1/reg3/second/q_reg/D (clocked by sys_clk_pin). Large setup violations at the end of those stages might be difficult to fix during the post-placement implementation flow and could be the result of non-optimal XDC constraints or non-optimal design architecture
Related violations: <none>

TIMING-16#175 Warning
Large setup violation  
There is a large setup violation of -9.444 ns between CPU/rs2reg/third/q_reg/C (clocked by sys_clk_pin) and CPU/md1/D1/reg3/sixth/q_reg/D (clocked by sys_clk_pin). Large setup violations at the end of those stages might be difficult to fix during the post-placement implementation flow and could be the result of non-optimal XDC constraints or non-optimal design architecture
Related violations: <none>

TIMING-16#176 Warning
Large setup violation  
There is a large setup violation of -9.479 ns between CPU/rs2reg/third/q_reg/C (clocked by sys_clk_pin) and CPU/md1/D1/reg3/zero/q_reg/D (clocked by sys_clk_pin). Large setup violations at the end of those stages might be difficult to fix during the post-placement implementation flow and could be the result of non-optimal XDC constraints or non-optimal design architecture
Related violations: <none>

TIMING-16#177 Warning
Large setup violation  
There is a large setup violation of -9.483 ns between CPU/rs2reg/third/q_reg/C (clocked by sys_clk_pin) and CPU/md1/D1/reg3/first/q_reg/D (clocked by sys_clk_pin). Large setup violations at the end of those stages might be difficult to fix during the post-placement implementation flow and could be the result of non-optimal XDC constraints or non-optimal design architecture
Related violations: <none>

TIMING-16#178 Warning
Large setup violation  
There is a large setup violation of -9.483 ns between CPU/rs2reg/third/q_reg/C (clocked by sys_clk_pin) and CPU/md1/D1/reg3/ninth/q_reg/D (clocked by sys_clk_pin). Large setup violations at the end of those stages might be difficult to fix during the post-placement implementation flow and could be the result of non-optimal XDC constraints or non-optimal design architecture
Related violations: <none>

TIMING-16#179 Warning
Large setup violation  
There is a large setup violation of -9.489 ns between CPU/rs2reg/third/q_reg/C (clocked by sys_clk_pin) and CPU/md1/D1/reg1/zero/q_reg/D (clocked by sys_clk_pin). Large setup violations at the end of those stages might be difficult to fix during the post-placement implementation flow and could be the result of non-optimal XDC constraints or non-optimal design architecture
Related violations: <none>

TIMING-16#180 Warning
Large setup violation  
There is a large setup violation of -9.514 ns between CPU/rs2reg/third/q_reg/C (clocked by sys_clk_pin) and CPU/md1/M1/reg3/twentyfour/q_reg/D (clocked by sys_clk_pin). Large setup violations at the end of those stages might be difficult to fix during the post-placement implementation flow and could be the result of non-optimal XDC constraints or non-optimal design architecture
Related violations: <none>

TIMING-16#181 Warning
Large setup violation  
There is a large setup violation of -9.581 ns between CPU/rs2reg/third/q_reg/C (clocked by sys_clk_pin) and CPU/md1/D1/reg3/fourth/q_reg/D (clocked by sys_clk_pin). Large setup violations at the end of those stages might be difficult to fix during the post-placement implementation flow and could be the result of non-optimal XDC constraints or non-optimal design architecture
Related violations: <none>

TIMING-16#182 Warning
Large setup violation  
There is a large setup violation of -9.618 ns between CPU/rs2reg/third/q_reg/C (clocked by sys_clk_pin) and CPU/md1/D1/reg3/sixteenth/q_reg/D (clocked by sys_clk_pin). Large setup violations at the end of those stages might be difficult to fix during the post-placement implementation flow and could be the result of non-optimal XDC constraints or non-optimal design architecture
Related violations: <none>

TIMING-16#183 Warning
Large setup violation  
There is a large setup violation of -9.619 ns between CPU/rs2reg/third/q_reg/C (clocked by sys_clk_pin) and CPU/md1/M1/reg3/twentyseven/q_reg/D (clocked by sys_clk_pin). Large setup violations at the end of those stages might be difficult to fix during the post-placement implementation flow and could be the result of non-optimal XDC constraints or non-optimal design architecture
Related violations: <none>

TIMING-16#184 Warning
Large setup violation  
There is a large setup violation of -9.620 ns between CPU/rs2reg/third/q_reg/C (clocked by sys_clk_pin) and CPU/md1/D1/reg3/eleventh/q_reg/D (clocked by sys_clk_pin). Large setup violations at the end of those stages might be difficult to fix during the post-placement implementation flow and could be the result of non-optimal XDC constraints or non-optimal design architecture
Related violations: <none>

TIMING-16#185 Warning
Large setup violation  
There is a large setup violation of -9.629 ns between CPU/rs2reg/third/q_reg/C (clocked by sys_clk_pin) and CPU/md1/D1/reg3/tenth/q_reg/D (clocked by sys_clk_pin). Large setup violations at the end of those stages might be difficult to fix during the post-placement implementation flow and could be the result of non-optimal XDC constraints or non-optimal design architecture
Related violations: <none>

TIMING-16#186 Warning
Large setup violation  
There is a large setup violation of -9.645 ns between CPU/rs2reg/third/q_reg/C (clocked by sys_clk_pin) and CPU/md1/D1/reg3/eighteenth/q_reg/D (clocked by sys_clk_pin). Large setup violations at the end of those stages might be difficult to fix during the post-placement implementation flow and could be the result of non-optimal XDC constraints or non-optimal design architecture
Related violations: <none>

TIMING-16#187 Warning
Large setup violation  
There is a large setup violation of -9.705 ns between CPU/rs2reg/third/q_reg/C (clocked by sys_clk_pin) and CPU/md1/D1/reg3/twentyfour/q_reg/D (clocked by sys_clk_pin). Large setup violations at the end of those stages might be difficult to fix during the post-placement implementation flow and could be the result of non-optimal XDC constraints or non-optimal design architecture
Related violations: <none>

TIMING-16#188 Warning
Large setup violation  
There is a large setup violation of -9.801 ns between CPU/rs2reg/third/q_reg/C (clocked by sys_clk_pin) and CPU/md1/D1/reg3/fifth/q_reg/D (clocked by sys_clk_pin). Large setup violations at the end of those stages might be difficult to fix during the post-placement implementation flow and could be the result of non-optimal XDC constraints or non-optimal design architecture
Related violations: <none>

TIMING-16#189 Warning
Large setup violation  
There is a large setup violation of -9.867 ns between CPU/rs2reg/third/q_reg/C (clocked by sys_clk_pin) and CPU/md1/D1/reg3/twentysix/q_reg/D (clocked by sys_clk_pin). Large setup violations at the end of those stages might be difficult to fix during the post-placement implementation flow and could be the result of non-optimal XDC constraints or non-optimal design architecture
Related violations: <none>

TIMING-16#190 Warning
Large setup violation  
There is a large setup violation of -9.869 ns between CPU/rs2reg/third/q_reg/C (clocked by sys_clk_pin) and CPU/md1/D1/reg3/twentyseven/q_reg/D (clocked by sys_clk_pin). Large setup violations at the end of those stages might be difficult to fix during the post-placement implementation flow and could be the result of non-optimal XDC constraints or non-optimal design architecture
Related violations: <none>

TIMING-16#191 Warning
Large setup violation  
There is a large setup violation of -9.889 ns between CPU/rs2reg/third/q_reg/C (clocked by sys_clk_pin) and CPU/md1/D1/reg3/twelfth/q_reg/D (clocked by sys_clk_pin). Large setup violations at the end of those stages might be difficult to fix during the post-placement implementation flow and could be the result of non-optimal XDC constraints or non-optimal design architecture
Related violations: <none>

TIMING-16#192 Warning
Large setup violation  
There is a large setup violation of -9.984 ns between CPU/rs2reg/third/q_reg/C (clocked by sys_clk_pin) and CPU/md1/D1/reg3/twentyfive/q_reg/D (clocked by sys_clk_pin). Large setup violations at the end of those stages might be difficult to fix during the post-placement implementation flow and could be the result of non-optimal XDC constraints or non-optimal design architecture
Related violations: <none>

TIMING-16#193 Warning
Large setup violation  
There is a large setup violation of -9.989 ns between CPU/rs2reg/third/q_reg/C (clocked by sys_clk_pin) and CPU/md1/M1/flip1/q_reg/D (clocked by sys_clk_pin). Large setup violations at the end of those stages might be difficult to fix during the post-placement implementation flow and could be the result of non-optimal XDC constraints or non-optimal design architecture
Related violations: <none>

TIMING-18#1 Warning
Missing input or output delay  
An input delay is missing on reset2 relative to clock(s) sys_clk_pin
Related violations: <none>

TIMING-18#2 Warning
Missing input or output delay  
An output delay is missing on LED[0] relative to clock(s) sys_clk_pin
Related violations: <none>

TIMING-18#3 Warning
Missing input or output delay  
An output delay is missing on LED[10] relative to clock(s) sys_clk_pin
Related violations: <none>

TIMING-18#4 Warning
Missing input or output delay  
An output delay is missing on LED[11] relative to clock(s) sys_clk_pin
Related violations: <none>

TIMING-18#5 Warning
Missing input or output delay  
An output delay is missing on LED[12] relative to clock(s) sys_clk_pin
Related violations: <none>

TIMING-18#6 Warning
Missing input or output delay  
An output delay is missing on LED[13] relative to clock(s) sys_clk_pin
Related violations: <none>

TIMING-18#7 Warning
Missing input or output delay  
An output delay is missing on LED[14] relative to clock(s) sys_clk_pin
Related violations: <none>

TIMING-18#8 Warning
Missing input or output delay  
An output delay is missing on LED[15] relative to clock(s) sys_clk_pin
Related violations: <none>

TIMING-18#9 Warning
Missing input or output delay  
An output delay is missing on LED[1] relative to clock(s) sys_clk_pin
Related violations: <none>

TIMING-18#10 Warning
Missing input or output delay  
An output delay is missing on LED[2] relative to clock(s) sys_clk_pin
Related violations: <none>

TIMING-18#11 Warning
Missing input or output delay  
An output delay is missing on LED[3] relative to clock(s) sys_clk_pin
Related violations: <none>

TIMING-18#12 Warning
Missing input or output delay  
An output delay is missing on LED[4] relative to clock(s) sys_clk_pin
Related violations: <none>

TIMING-18#13 Warning
Missing input or output delay  
An output delay is missing on LED[5] relative to clock(s) sys_clk_pin
Related violations: <none>

TIMING-18#14 Warning
Missing input or output delay  
An output delay is missing on LED[6] relative to clock(s) sys_clk_pin
Related violations: <none>

TIMING-18#15 Warning
Missing input or output delay  
An output delay is missing on LED[7] relative to clock(s) sys_clk_pin
Related violations: <none>

TIMING-18#16 Warning
Missing input or output delay  
An output delay is missing on LED[8] relative to clock(s) sys_clk_pin
Related violations: <none>

TIMING-18#17 Warning
Missing input or output delay  
An output delay is missing on LED[9] relative to clock(s) sys_clk_pin
Related violations: <none>

TIMING-23#1 Warning
Combinational loop found  
A timing loop has been detected on a combinational path. A timing arc has been disabled between CPU/md1/M1/reg1/zero/q_i_4__1/I5 and CPU/md1/M1/reg1/zero/q_i_4__1/O to disable the timing loop
Related violations: <none>


